<?xml version="1.0" encoding="UTF-8"?>
<coverage generated="1595228952">
  <project timestamp="1595228952">
    <package name="Furious\Psr7\Builder">
      <file name="src\Builder\UriBuilder.php">
        <class name="Furious\Psr7\Builder\UriBuilder" namespace="Furious\Psr7\Builder">
          <metrics complexity="17" methods="7" coveredmethods="7" conditionals="0" coveredconditionals="0" statements="30" coveredstatements="30" elements="37" coveredelements="37"/>
        </class>
        <line num="13" type="method" name="withScheme" visibility="public" complexity="2" crap="2" count="33"/>
        <line num="15" type="stmt" count="33"/>
        <line num="17" type="stmt" count="33"/>
        <line num="18" type="stmt" count="13"/>
        <line num="21" type="stmt" count="33"/>
        <line num="24" type="method" name="withAuthority" visibility="public" complexity="2" crap="2" count="33"/>
        <line num="26" type="stmt" count="33"/>
        <line num="28" type="stmt" count="33"/>
        <line num="29" type="stmt" count="14"/>
        <line num="32" type="stmt" count="33"/>
        <line num="35" type="method" name="withPath" visibility="public" complexity="2" crap="2" count="33"/>
        <line num="37" type="stmt" count="33"/>
        <line num="39" type="stmt" count="33"/>
        <line num="40" type="stmt" count="19"/>
        <line num="41" type="stmt" count="19"/>
        <line num="44" type="stmt" count="33"/>
        <line num="47" type="method" name="withQuery" visibility="public" complexity="2" crap="2" count="33"/>
        <line num="49" type="stmt" count="33"/>
        <line num="51" type="stmt" count="33"/>
        <line num="52" type="stmt" count="9"/>
        <line num="55" type="stmt" count="33"/>
        <line num="58" type="method" name="withFragment" visibility="public" complexity="2" crap="2" count="33"/>
        <line num="60" type="stmt" count="33"/>
        <line num="62" type="stmt" count="33"/>
        <line num="63" type="stmt" count="8"/>
        <line num="66" type="stmt" count="33"/>
        <line num="72" type="method" name="getUri" visibility="public" complexity="1" crap="1" count="33"/>
        <line num="74" type="stmt" count="33"/>
        <line num="77" type="method" name="buildPathByAuthority" visibility="private" complexity="6" crap="6" count="19"/>
        <line num="79" type="stmt" count="19"/>
        <line num="81" type="stmt" count="19"/>
        <line num="82" type="stmt" count="7"/>
        <line num="83" type="stmt" count="7"/>
        <line num="85" type="stmt" count="12"/>
        <line num="86" type="stmt" count="1"/>
        <line num="87" type="stmt" count="1"/>
        <line num="91" type="stmt" count="19"/>
        <metrics loc="92" ncloc="89" classes="1" methods="7" coveredmethods="7" conditionals="0" coveredconditionals="0" statements="30" coveredstatements="30" elements="37" coveredelements="37"/>
      </file>
    </package>
    <package name="Furious\Psr7\Exception">
      <file name="src\Exception\IncorrectStreamPositionException.php">
        <class name="Furious\Psr7\Exception\IncorrectStreamPositionException" namespace="Furious\Psr7\Exception">
          <metrics complexity="1" methods="1" coveredmethods="0" conditionals="0" coveredconditionals="0" statements="3" coveredstatements="0" elements="4" coveredelements="0"/>
        </class>
        <line num="11" type="method" name="__construct" visibility="public" complexity="1" crap="2" count="0"/>
        <line num="12" type="stmt" count="0"/>
        <line num="13" type="stmt" count="0"/>
        <line num="14" type="stmt" count="0"/>
        <metrics loc="14" ncloc="14" classes="1" methods="1" coveredmethods="0" conditionals="0" coveredconditionals="0" statements="3" coveredstatements="0" elements="4" coveredelements="0"/>
      </file>
      <file name="src\Exception\InvalidArgumentException.php">
        <class name="Furious\Psr7\Exception\InvalidArgumentException" namespace="Furious\Psr7\Exception">
          <metrics complexity="0" methods="0" coveredmethods="0" conditionals="0" coveredconditionals="0" statements="0" coveredstatements="0" elements="0" coveredelements="0"/>
        </class>
        <metrics loc="11" ncloc="11" classes="0" methods="0" coveredmethods="0" conditionals="0" coveredconditionals="0" statements="0" coveredstatements="0" elements="0" coveredelements="0"/>
      </file>
      <file name="src\Exception\InvalidPortException.php">
        <class name="Furious\Psr7\Exception\InvalidPortException" namespace="Furious\Psr7\Exception">
          <metrics complexity="0" methods="0" coveredmethods="0" conditionals="0" coveredconditionals="0" statements="0" coveredstatements="0" elements="0" coveredelements="0"/>
        </class>
        <metrics loc="9" ncloc="9" classes="0" methods="0" coveredmethods="0" conditionals="0" coveredconditionals="0" statements="0" coveredstatements="0" elements="0" coveredelements="0"/>
      </file>
      <file name="src\Exception\InvalidUploadErrorException.php">
        <class name="Furious\Psr7\Exception\InvalidUploadErrorException" namespace="Furious\Psr7\Exception">
          <metrics complexity="0" methods="0" coveredmethods="0" conditionals="0" coveredconditionals="0" statements="0" coveredstatements="0" elements="0" coveredelements="0"/>
        </class>
        <metrics loc="9" ncloc="9" classes="0" methods="0" coveredmethods="0" conditionals="0" coveredconditionals="0" statements="0" coveredstatements="0" elements="0" coveredelements="0"/>
      </file>
      <file name="src\Exception\NotReadableStreamException.php">
        <class name="Furious\Psr7\Exception\NotReadableStreamException" namespace="Furious\Psr7\Exception">
          <metrics complexity="1" methods="1" coveredmethods="1" conditionals="0" coveredconditionals="0" statements="2" coveredstatements="2" elements="3" coveredelements="3"/>
        </class>
        <line num="11" type="method" name="__construct" visibility="public" complexity="1" crap="1" count="1"/>
        <line num="13" type="stmt" count="1"/>
        <line num="14" type="stmt" count="1"/>
        <metrics loc="14" ncloc="14" classes="1" methods="1" coveredmethods="1" conditionals="0" coveredconditionals="0" statements="2" coveredstatements="2" elements="3" coveredelements="3"/>
      </file>
      <file name="src\Exception\NotSeekableStreamException.php">
        <class name="Furious\Psr7\Exception\NotSeekableStreamException" namespace="Furious\Psr7\Exception">
          <metrics complexity="1" methods="1" coveredmethods="1" conditionals="0" coveredconditionals="0" statements="2" coveredstatements="2" elements="3" coveredelements="3"/>
        </class>
        <line num="11" type="method" name="__construct" visibility="public" complexity="1" crap="1" count="1"/>
        <line num="13" type="stmt" count="1"/>
        <line num="14" type="stmt" count="1"/>
        <metrics loc="14" ncloc="14" classes="1" methods="1" coveredmethods="1" conditionals="0" coveredconditionals="0" statements="2" coveredstatements="2" elements="3" coveredelements="3"/>
      </file>
      <file name="src\Exception\NotWritableStreamException.php">
        <class name="Furious\Psr7\Exception\NotWritableStreamException" namespace="Furious\Psr7\Exception">
          <metrics complexity="1" methods="1" coveredmethods="1" conditionals="0" coveredconditionals="0" statements="2" coveredstatements="2" elements="3" coveredelements="3"/>
        </class>
        <line num="11" type="method" name="__construct" visibility="public" complexity="1" crap="1" count="1"/>
        <line num="13" type="stmt" count="1"/>
        <line num="14" type="stmt" count="1"/>
        <metrics loc="14" ncloc="14" classes="1" methods="1" coveredmethods="1" conditionals="0" coveredconditionals="0" statements="2" coveredstatements="2" elements="3" coveredelements="3"/>
      </file>
      <file name="src\Exception\RuntimeException.php">
        <class name="Furious\Psr7\Exception\RuntimeException" namespace="Furious\Psr7\Exception">
          <metrics complexity="0" methods="0" coveredmethods="0" conditionals="0" coveredconditionals="0" statements="0" coveredstatements="0" elements="0" coveredelements="0"/>
        </class>
        <metrics loc="11" ncloc="11" classes="0" methods="0" coveredmethods="0" conditionals="0" coveredconditionals="0" statements="0" coveredstatements="0" elements="0" coveredelements="0"/>
      </file>
      <file name="src\Exception\StreamAlreadyMovedException.php">
        <class name="Furious\Psr7\Exception\StreamAlreadyMovedException" namespace="Furious\Psr7\Exception">
          <metrics complexity="0" methods="0" coveredmethods="0" conditionals="0" coveredconditionals="0" statements="0" coveredstatements="0" elements="0" coveredelements="0"/>
        </class>
        <metrics loc="9" ncloc="9" classes="0" methods="0" coveredmethods="0" conditionals="0" coveredconditionals="0" statements="0" coveredstatements="0" elements="0" coveredelements="0"/>
      </file>
      <file name="src\Exception\UnableToParseUriException.php">
        <class name="Furious\Psr7\Exception\UnableToParseUriException" namespace="Furious\Psr7\Exception">
          <metrics complexity="2" methods="1" coveredmethods="1" conditionals="0" coveredconditionals="0" statements="4" coveredstatements="4" elements="5" coveredelements="5"/>
        </class>
        <line num="11" type="method" name="__construct" visibility="public" complexity="2" crap="2" count="4"/>
        <line num="13" type="stmt" count="4"/>
        <line num="14" type="stmt" count="4"/>
        <line num="15" type="stmt" count="4"/>
        <line num="17" type="stmt" count="4"/>
        <metrics loc="17" ncloc="17" classes="1" methods="1" coveredmethods="1" conditionals="0" coveredconditionals="0" statements="4" coveredstatements="4" elements="5" coveredelements="5"/>
      </file>
      <file name="src\Exception\UnableToSeekException.php">
        <class name="Furious\Psr7\Exception\UnableToSeekException" namespace="Furious\Psr7\Exception">
          <metrics complexity="2" methods="1" coveredmethods="0" conditionals="0" coveredconditionals="0" statements="6" coveredstatements="0" elements="7" coveredelements="0"/>
        </class>
        <line num="11" type="method" name="__construct" visibility="public" complexity="2" crap="6" count="0"/>
        <line num="12" type="stmt" count="0"/>
        <line num="13" type="stmt" count="0"/>
        <line num="14" type="stmt" count="0"/>
        <line num="15" type="stmt" count="0"/>
        <line num="16" type="stmt" count="0"/>
        <line num="17" type="stmt" count="0"/>
        <metrics loc="17" ncloc="17" classes="1" methods="1" coveredmethods="0" conditionals="0" coveredconditionals="0" statements="6" coveredstatements="0" elements="7" coveredelements="0"/>
      </file>
      <file name="src\Exception\UnownedProtocolVersion.php">
        <class name="Furious\Psr7\Exception\UnownedProtocolVersion" namespace="Furious\Psr7\Exception">
          <metrics complexity="1" methods="1" coveredmethods="1" conditionals="0" coveredconditionals="0" statements="3" coveredstatements="3" elements="4" coveredelements="4"/>
        </class>
        <line num="12" type="method" name="__construct" visibility="public" complexity="1" crap="1" count="1"/>
        <line num="14" type="stmt" count="1"/>
        <line num="15" type="stmt" count="1"/>
        <line num="16" type="stmt" count="1"/>
        <metrics loc="16" ncloc="16" classes="1" methods="1" coveredmethods="1" conditionals="0" coveredconditionals="0" statements="3" coveredstatements="3" elements="4" coveredelements="4"/>
      </file>
      <file name="src\Exception\UploadErrorException.php">
        <class name="Furious\Psr7\Exception\UploadErrorException" namespace="Furious\Psr7\Exception">
          <metrics complexity="0" methods="0" coveredmethods="0" conditionals="0" coveredconditionals="0" statements="0" coveredstatements="0" elements="0" coveredelements="0"/>
        </class>
        <metrics loc="9" ncloc="9" classes="0" methods="0" coveredmethods="0" conditionals="0" coveredconditionals="0" statements="0" coveredstatements="0" elements="0" coveredelements="0"/>
      </file>
    </package>
    <package name="Furious\Psr7\Factory">
      <file name="src\Factory\RequestFactory.php">
        <class name="Furious\Psr7\Factory\RequestFactory" namespace="Furious\Psr7\Factory">
          <metrics complexity="1" methods="1" coveredmethods="1" conditionals="0" coveredconditionals="0" statements="1" coveredstatements="1" elements="2" coveredelements="2"/>
        </class>
        <line num="13" type="method" name="createRequest" visibility="public" complexity="1" crap="1" count="1"/>
        <line num="15" type="stmt" count="1"/>
        <metrics loc="16" ncloc="16" classes="1" methods="1" coveredmethods="1" conditionals="0" coveredconditionals="0" statements="1" coveredstatements="1" elements="2" coveredelements="2"/>
      </file>
      <file name="src\Factory\ResponseFactory.php">
        <class name="Furious\Psr7\Factory\ResponseFactory" namespace="Furious\Psr7\Factory">
          <metrics complexity="7" methods="7" coveredmethods="7" conditionals="0" coveredconditionals="0" statements="13" coveredstatements="13" elements="20" coveredelements="20"/>
        </class>
        <line num="13" type="method" name="createResponse" visibility="public" complexity="1" crap="1" count="1"/>
        <line num="16" type="stmt" count="1"/>
        <line num="17" type="stmt" count="1"/>
        <line num="21" type="method" name="createJsonResponse" visibility="public" complexity="1" crap="1" count="1"/>
        <line num="24" type="stmt" count="1"/>
        <line num="25" type="stmt" count="1"/>
        <line num="29" type="method" name="createXmlResponse" visibility="public" complexity="1" crap="1" count="1"/>
        <line num="32" type="stmt" count="1"/>
        <line num="33" type="stmt" count="1"/>
        <line num="37" type="method" name="createTextResponse" visibility="public" complexity="1" crap="1" count="1"/>
        <line num="40" type="stmt" count="1"/>
        <line num="41" type="stmt" count="1"/>
        <line num="45" type="method" name="createHtmlResponse" visibility="public" complexity="1" crap="1" count="1"/>
        <line num="48" type="stmt" count="1"/>
        <line num="49" type="stmt" count="1"/>
        <line num="53" type="method" name="createRedirectResponse" visibility="public" complexity="1" crap="1" count="1"/>
        <line num="56" type="stmt" count="1"/>
        <line num="57" type="stmt" count="1"/>
        <line num="61" type="method" name="createEmptyResponse" visibility="public" complexity="1" crap="1" count="1"/>
        <line num="63" type="stmt" count="1"/>
        <metrics loc="64" ncloc="64" classes="1" methods="7" coveredmethods="7" conditionals="0" coveredconditionals="0" statements="13" coveredstatements="13" elements="20" coveredelements="20"/>
      </file>
      <file name="src\Factory\ServerRequestFactory.php">
        <class name="Furious\Psr7\Factory\ServerRequestFactory" namespace="Furious\Psr7\Factory">
          <metrics complexity="2" methods="2" coveredmethods="1" conditionals="0" coveredconditionals="0" statements="12" coveredstatements="9" elements="14" coveredelements="10"/>
        </class>
        <line num="15" type="method" name="createServerRequest" visibility="public" complexity="1" crap="1" count="1"/>
        <line num="17" type="stmt" count="1"/>
        <line num="20" type="method" name="fromGlobals" visibility="public" complexity="1" crap="1.02" count="1"/>
        <line num="22" type="stmt" count="1"/>
        <line num="23" type="stmt" count="1"/>
        <line num="24" type="stmt" count="1"/>
        <line num="25" type="stmt" count="1"/>
        <line num="26" type="stmt" count="1"/>
        <line num="28" type="stmt" count="1"/>
        <line num="29" type="stmt" count="1"/>
        <line num="33" type="stmt" count="0"/>
        <line num="35" type="stmt" count="0"/>
        <line num="36" type="stmt" count="0"/>
        <line num="37" type="stmt" count="1"/>
        <metrics loc="39" ncloc="39" classes="1" methods="2" coveredmethods="1" conditionals="0" coveredconditionals="0" statements="12" coveredstatements="9" elements="14" coveredelements="10"/>
      </file>
      <file name="src\Factory\StreamFactory.php">
        <class name="Furious\Psr7\Factory\StreamFactory" namespace="Furious\Psr7\Factory">
          <metrics complexity="6" methods="3" coveredmethods="2" conditionals="0" coveredconditionals="0" statements="8" coveredstatements="2" elements="11" coveredelements="4"/>
        </class>
        <line num="21" type="method" name="createStream" visibility="public" complexity="1" crap="1" count="1"/>
        <line num="23" type="stmt" count="1"/>
        <line num="26" type="method" name="createStreamFromResource" visibility="public" complexity="1" crap="1" count="2"/>
        <line num="28" type="stmt" count="2"/>
        <line num="31" type="method" name="createStreamFromFile" visibility="public" complexity="4" crap="20" count="0"/>
        <line num="33" type="stmt" count="0"/>
        <line num="34" type="stmt" count="0"/>
        <line num="35" type="stmt" count="0"/>
        <line num="36" type="stmt" count="0"/>
        <line num="39" type="stmt" count="0"/>
        <line num="42" type="stmt" count="0"/>
        <metrics loc="43" ncloc="43" classes="1" methods="3" coveredmethods="2" conditionals="0" coveredconditionals="0" statements="8" coveredstatements="2" elements="11" coveredelements="4"/>
      </file>
      <file name="src\Factory\UploadedFileFactory.php">
        <class name="Furious\Psr7\Factory\UploadedFileFactory" namespace="Furious\Psr7\Factory">
          <metrics complexity="2" methods="1" coveredmethods="1" conditionals="0" coveredconditionals="0" statements="2" coveredstatements="2" elements="3" coveredelements="3"/>
        </class>
        <line num="15" type="method" name="createUploadedFile" visibility="public" complexity="2" crap="2" count="1"/>
        <line num="20" type="stmt" count="1"/>
        <line num="21" type="stmt" count="1"/>
        <metrics loc="24" ncloc="24" classes="1" methods="1" coveredmethods="1" conditionals="0" coveredconditionals="0" statements="2" coveredstatements="2" elements="3" coveredelements="3"/>
      </file>
      <file name="src\Factory\UriFactory.php">
        <class name="Furious\Psr7\Factory\UriFactory" namespace="Furious\Psr7\Factory">
          <metrics complexity="1" methods="1" coveredmethods="1" conditionals="0" coveredconditionals="0" statements="1" coveredstatements="1" elements="2" coveredelements="2"/>
        </class>
        <line num="13" type="method" name="createUri" visibility="public" complexity="1" crap="1" count="1"/>
        <line num="15" type="stmt" count="1"/>
        <metrics loc="16" ncloc="16" classes="1" methods="1" coveredmethods="1" conditionals="0" coveredconditionals="0" statements="1" coveredstatements="1" elements="2" coveredelements="2"/>
      </file>
    </package>
    <package name="Furious\Psr7\Filter">
      <file name="src\Filter\UriFilter.php">
        <class name="Furious\Psr7\Filter\UriFilter" namespace="Furious\Psr7\Filter">
          <metrics complexity="16" methods="6" coveredmethods="6" conditionals="0" coveredconditionals="0" statements="18" coveredstatements="18" elements="24" coveredelements="24"/>
        </class>
        <line num="22" type="method" name="filterPort" visibility="public" complexity="7" crap="7" count="74"/>
        <line num="24" type="stmt" count="74"/>
        <line num="25" type="stmt" count="68"/>
        <line num="28" type="stmt" count="14"/>
        <line num="29" type="stmt" count="14"/>
        <line num="30" type="stmt" count="2"/>
        <line num="33" type="stmt" count="12"/>
        <line num="36" type="method" name="filterPath" visibility="public" complexity="2" crap="2" count="77"/>
        <line num="38" type="stmt" count="77"/>
        <line num="39" type="stmt" count="1"/>
        <line num="42" type="stmt" count="76"/>
        <line num="45" type="method" name="filterQuery" visibility="public" complexity="2" crap="2" count="74"/>
        <line num="47" type="stmt" count="74"/>
        <line num="48" type="stmt" count="1"/>
        <line num="51" type="stmt" count="73"/>
        <line num="54" type="method" name="filterFragment" visibility="public" complexity="2" crap="2" count="74"/>
        <line num="56" type="stmt" count="74"/>
        <line num="57" type="stmt" count="1"/>
        <line num="60" type="stmt" count="73"/>
        <line num="63" type="method" name="isNonStandardPort" visibility="private" complexity="2" crap="2" count="12"/>
        <line num="66" type="stmt" count="12"/>
        <line num="67" type="stmt" count="12"/>
        <line num="70" type="method" name="rawUrlEncodeMatchZero" visibility="private" complexity="1" crap="1" count="4"/>
        <line num="72" type="stmt" count="4"/>
        <metrics loc="73" ncloc="73" classes="1" methods="6" coveredmethods="6" conditionals="0" coveredconditionals="0" statements="18" coveredstatements="18" elements="24" coveredelements="24"/>
      </file>
    </package>
    <package name="Furious\Psr7\Header">
      <file name="src\Header\HeaderTrimmer.php">
        <class name="Furious\Psr7\Header\HeaderTrimmer" namespace="Furious\Psr7\Header">
          <metrics complexity="5" methods="3" coveredmethods="3" conditionals="0" coveredconditionals="0" statements="10" coveredstatements="10" elements="13" coveredelements="13"/>
        </class>
        <line num="11" type="method" name="trim" visibility="public" complexity="2" crap="2" count="29"/>
        <line num="13" type="stmt" count="29"/>
        <line num="14" type="stmt" count="27"/>
        <line num="15" type="stmt" count="27"/>
        <line num="16" type="stmt" count="27"/>
        <line num="19" type="stmt" count="6"/>
        <line num="22" type="method" name="trimHeaderValues" visibility="private" complexity="2" crap="2" count="6"/>
        <line num="24" type="stmt" count="6"/>
        <line num="25" type="stmt" count="6"/>
        <line num="26" type="stmt" count="6"/>
        <line num="29" type="stmt" count="6"/>
        <line num="32" type="method" name="trimHeaderValue" visibility="private" complexity="1" crap="1" count="29"/>
        <line num="34" type="stmt" count="29"/>
        <metrics loc="35" ncloc="35" classes="1" methods="3" coveredmethods="3" conditionals="0" coveredconditionals="0" statements="10" coveredstatements="10" elements="13" coveredelements="13"/>
      </file>
      <file name="src\Header\HeaderValidator.php">
        <class name="Furious\Psr7\Header\HeaderValidator" namespace="Furious\Psr7\Header">
          <metrics complexity="13" methods="6" coveredmethods="4" conditionals="0" coveredconditionals="0" statements="20" coveredstatements="18" elements="26" coveredelements="22"/>
        </class>
        <line num="15" type="method" name="validate" visibility="public" complexity="3" crap="3" count="30"/>
        <line num="17" type="stmt" count="30"/>
        <line num="19" type="stmt" count="29"/>
        <line num="20" type="stmt" count="27"/>
        <line num="21" type="stmt" count="27"/>
        <line num="24" type="stmt" count="6"/>
        <line num="26" type="stmt" count="6"/>
        <line num="27" type="stmt" count="6"/>
        <line num="29" type="stmt" count="6"/>
        <line num="33" type="method" name="validateHeaderMatchRfc" visibility="private" complexity="2" crap="2" count="30"/>
        <line num="35" type="stmt" count="30"/>
        <line num="36" type="stmt" count="1"/>
        <line num="38" type="stmt" count="29"/>
        <line num="40" type="method" name="validateHeaderValueMatchRfc" visibility="private" complexity="4" crap="4.25" count="29"/>
        <line num="43" type="stmt" count="29"/>
        <line num="44" type="stmt" count="29"/>
        <line num="46" type="stmt" count="0"/>
        <line num="48" type="stmt" count="29"/>
        <line num="50" type="method" name="validateHeaderValuesEmpty" visibility="private" complexity="2" crap="2.15" count="6"/>
        <line num="52" type="stmt" count="6"/>
        <line num="53" type="stmt" count="0"/>
        <line num="55" type="stmt" count="6"/>
        <line num="59" type="method" name="matchHeaderRfc" visibility="private" complexity="1" crap="1" count="30"/>
        <line num="61" type="stmt" count="30"/>
        <line num="64" type="method" name="matchHeaderValuesRfc" visibility="private" complexity="1" crap="1" count="29"/>
        <line num="66" type="stmt" count="29"/>
        <metrics loc="67" ncloc="63" classes="1" methods="6" coveredmethods="4" conditionals="0" coveredconditionals="0" statements="20" coveredstatements="18" elements="26" coveredelements="22"/>
      </file>
      <file name="src\Header\HeadersCollection.php">
        <class name="Furious\Psr7\Header\HeadersCollection" namespace="Furious\Psr7\Header">
          <metrics complexity="14" methods="6" coveredmethods="4" conditionals="0" coveredconditionals="0" statements="20" coveredstatements="16" elements="26" coveredelements="20"/>
        </class>
        <line num="15" type="method" name="__construct" visibility="public" complexity="1" crap="1" count="1"/>
        <line num="17" type="stmt" count="1"/>
        <line num="18" type="stmt" count="1"/>
        <line num="20" type="method" name="get" visibility="public" complexity="5" crap="5.07" count="1"/>
        <line num="22" type="stmt" count="1"/>
        <line num="23" type="stmt" count="1"/>
        <line num="24" type="stmt" count="1"/>
        <line num="25" type="stmt" count="1"/>
        <line num="28" type="stmt" count="1"/>
        <line num="29" type="stmt" count="0"/>
        <line num="33" type="stmt" count="1"/>
        <line num="36" type="method" name="getHeaderName" visibility="private" complexity="5" crap="6.32" count="1"/>
        <line num="38" type="stmt" count="1"/>
        <line num="40" type="stmt" count="1"/>
        <line num="41" type="stmt" count="0"/>
        <line num="44" type="stmt" count="1"/>
        <line num="45" type="stmt" count="0"/>
        <line num="48" type="stmt" count="1"/>
        <line num="49" type="stmt" count="0"/>
        <line num="52" type="stmt" count="1"/>
        <line num="55" type="method" name="isRedirectHeader" visibility="private" complexity="1" crap="1" count="1"/>
        <line num="57" type="stmt" count="1"/>
        <line num="60" type="method" name="isContentHeader" visibility="private" complexity="1" crap="1" count="1"/>
        <line num="62" type="stmt" count="1"/>
        <line num="65" type="method" name="isHttpHeader" visibility="private" complexity="1" crap="1" count="1"/>
        <line num="67" type="stmt" count="1"/>
        <metrics loc="68" ncloc="64" classes="1" methods="6" coveredmethods="4" conditionals="0" coveredconditionals="0" statements="20" coveredstatements="16" elements="26" coveredelements="20"/>
      </file>
    </package>
    <package name="Furious\Psr7">
      <file name="src\Message.php">
        <class name="Furious\Psr7\Message" namespace="Furious\Psr7">
          <metrics complexity="21" methods="12" coveredmethods="11" conditionals="0" coveredconditionals="0" statements="55" coveredstatements="54" elements="67" coveredelements="65"/>
        </class>
        <line num="26" type="method" name="getProtocolVersion" visibility="public" complexity="1" crap="1" count="3"/>
        <line num="28" type="stmt" count="3"/>
        <line num="31" type="method" name="withProtocolVersion" visibility="public" complexity="1" crap="1" count="1"/>
        <line num="33" type="stmt" count="1"/>
        <line num="34" type="stmt" count="1"/>
        <line num="35" type="stmt" count="1"/>
        <line num="40" type="method" name="getHeaders" visibility="public" complexity="1" crap="1" count="20"/>
        <line num="42" type="stmt" count="20"/>
        <line num="45" type="method" name="hasHeader" visibility="public" complexity="1" crap="1" count="70"/>
        <line num="47" type="stmt" count="70"/>
        <line num="48" type="stmt" count="70"/>
        <line num="51" type="method" name="getHeader" visibility="public" complexity="2" crap="2" count="28"/>
        <line num="53" type="stmt" count="28"/>
        <line num="54" type="stmt" count="28"/>
        <line num="55" type="stmt" count="28"/>
        <line num="56" type="stmt" count="28"/>
        <line num="59" type="stmt" count="1"/>
        <line num="62" type="method" name="getHeaderLine" visibility="public" complexity="1" crap="1" count="27"/>
        <line num="64" type="stmt" count="27"/>
        <line num="65" type="stmt" count="27"/>
        <line num="68" type="method" name="withHeader" visibility="public" complexity="2" crap="2" count="6"/>
        <line num="70" type="stmt" count="6"/>
        <line num="71" type="stmt" count="5"/>
        <line num="72" type="stmt" count="5"/>
        <line num="74" type="stmt" count="5"/>
        <line num="76" type="stmt" count="5"/>
        <line num="77" type="stmt" count="1"/>
        <line num="80" type="stmt" count="5"/>
        <line num="81" type="stmt" count="5"/>
        <line num="83" type="stmt" count="5"/>
        <line num="86" type="method" name="withAddedHeader" visibility="public" complexity="3" crap="3.04" count="4"/>
        <line num="88" type="stmt" count="4"/>
        <line num="89" type="stmt" count="0"/>
        <line num="92" type="stmt" count="4"/>
        <line num="93" type="stmt" count="4"/>
        <line num="94" type="stmt" count="4"/>
        <line num="97" type="stmt" count="4"/>
        <line num="100" type="method" name="withoutHeader" visibility="public" complexity="2" crap="2" count="4"/>
        <line num="102" type="stmt" count="4"/>
        <line num="103" type="stmt" count="4"/>
        <line num="104" type="stmt" count="2"/>
        <line num="107" type="stmt" count="2"/>
        <line num="109" type="stmt" count="2"/>
        <line num="111" type="stmt" count="2"/>
        <line num="112" type="stmt" count="2"/>
        <line num="114" type="stmt" count="2"/>
        <line num="119" type="method" name="getBody" visibility="public" complexity="2" crap="2" count="16"/>
        <line num="121" type="stmt" count="16"/>
        <line num="122" type="stmt" count="4"/>
        <line num="125" type="stmt" count="16"/>
        <line num="128" type="method" name="withBody" visibility="public" complexity="1" crap="1" count="1"/>
        <line num="130" type="stmt" count="1"/>
        <line num="131" type="stmt" count="1"/>
        <line num="132" type="stmt" count="1"/>
        <line num="135" type="method" name="setHeaders" visibility="protected" complexity="4" crap="4" count="83"/>
        <line num="137" type="stmt" count="83"/>
        <line num="138" type="stmt" count="28"/>
        <line num="139" type="stmt" count="1"/>
        <line num="142" type="stmt" count="28"/>
        <line num="143" type="stmt" count="28"/>
        <line num="144" type="stmt" count="28"/>
        <line num="146" type="stmt" count="28"/>
        <line num="147" type="stmt" count="4"/>
        <line num="148" type="stmt" count="4"/>
        <line num="150" type="stmt" count="28"/>
        <line num="151" type="stmt" count="28"/>
        <line num="154" type="stmt" count="83"/>
        <metrics loc="154" ncloc="148" classes="1" methods="12" coveredmethods="11" conditionals="0" coveredconditionals="0" statements="55" coveredstatements="54" elements="67" coveredelements="65"/>
      </file>
      <file name="src\Request.php">
        <class name="Furious\Psr7\Request" namespace="Furious\Psr7">
          <metrics complexity="26" methods="10" coveredmethods="10" conditionals="0" coveredconditionals="0" statements="50" coveredstatements="50" elements="60" coveredelements="60"/>
        </class>
        <line num="24" type="method" name="__construct" visibility="public" complexity="6" crap="6" count="46"/>
        <line num="26" type="stmt" count="46"/>
        <line num="27" type="stmt" count="44"/>
        <line num="29" type="stmt" count="45"/>
        <line num="30" type="stmt" count="1"/>
        <line num="33" type="stmt" count="44"/>
        <line num="34" type="stmt" count="44"/>
        <line num="35" type="stmt" count="44"/>
        <line num="36" type="stmt" count="44"/>
        <line num="38" type="stmt" count="44"/>
        <line num="39" type="stmt" count="43"/>
        <line num="42" type="stmt" count="44"/>
        <line num="43" type="stmt" count="7"/>
        <line num="45" type="stmt" count="43"/>
        <line num="49" type="method" name="getUri" visibility="public" complexity="1" crap="1" count="3"/>
        <line num="51" type="stmt" count="3"/>
        <line num="54" type="method" name="getMethod" visibility="public" complexity="1" crap="1" count="3"/>
        <line num="56" type="stmt" count="3"/>
        <line num="59" type="method" name="getRequestTarget" visibility="public" complexity="4" crap="4" count="5"/>
        <line num="61" type="stmt" count="5"/>
        <line num="62" type="stmt" count="1"/>
        <line num="65" type="stmt" count="5"/>
        <line num="66" type="stmt" count="5"/>
        <line num="67" type="stmt" count="2"/>
        <line num="70" type="stmt" count="5"/>
        <line num="71" type="stmt" count="3"/>
        <line num="74" type="stmt" count="5"/>
        <line num="79" type="method" name="withRequestTarget" visibility="public" complexity="2" crap="2" count="3"/>
        <line num="81" type="stmt" count="3"/>
        <line num="82" type="stmt" count="2"/>
        <line num="85" type="stmt" count="1"/>
        <line num="86" type="stmt" count="1"/>
        <line num="88" type="stmt" count="1"/>
        <line num="91" type="method" name="withMethod" visibility="public" complexity="3" crap="3" count="2"/>
        <line num="93" type="stmt" count="2"/>
        <line num="94" type="stmt" count="1"/>
        <line num="97" type="stmt" count="1"/>
        <line num="98" type="stmt" count="1"/>
        <line num="100" type="stmt" count="1"/>
        <line num="103" type="method" name="withUri" visibility="public" complexity="3" crap="3" count="4"/>
        <line num="105" type="stmt" count="4"/>
        <line num="106" type="stmt" count="4"/>
        <line num="108" type="stmt" count="4"/>
        <line num="109" type="stmt" count="3"/>
        <line num="112" type="stmt" count="4"/>
        <line num="117" type="method" name="updateHostFromUri" visibility="private" complexity="4" crap="4" count="43"/>
        <line num="119" type="stmt" count="43"/>
        <line num="120" type="stmt" count="33"/>
        <line num="123" type="stmt" count="12"/>
        <line num="124" type="stmt" count="3"/>
        <line num="127" type="stmt" count="12"/>
        <line num="128" type="stmt" count="3"/>
        <line num="130" type="stmt" count="12"/>
        <line num="131" type="stmt" count="12"/>
        <line num="134" type="stmt" count="12"/>
        <line num="135" type="stmt" count="12"/>
        <line num="139" type="method" name="containWhitespace" visibility="private" complexity="1" crap="1" count="3"/>
        <line num="141" type="stmt" count="3"/>
        <line num="144" type="method" name="isValidMethod" visibility="private" complexity="1" crap="1" count="45"/>
        <line num="146" type="stmt" count="45"/>
        <metrics loc="147" ncloc="139" classes="1" methods="10" coveredmethods="10" conditionals="0" coveredconditionals="0" statements="50" coveredstatements="50" elements="60" coveredelements="60"/>
      </file>
      <file name="src\Response.php">
        <class name="Furious\Psr7\Response" namespace="Furious\Psr7">
          <metrics complexity="18" methods="6" coveredmethods="5" conditionals="0" coveredconditionals="0" statements="27" coveredstatements="26" elements="33" coveredelements="31"/>
        </class>
        <line num="18" type="method" name="__construct" visibility="public" complexity="3" crap="3" count="40"/>
        <line num="23" type="stmt" count="40"/>
        <line num="24" type="stmt" count="12"/>
        <line num="27" type="stmt" count="40"/>
        <line num="28" type="stmt" count="39"/>
        <line num="29" type="stmt" count="39"/>
        <line num="30" type="stmt" count="39"/>
        <line num="31" type="stmt" count="39"/>
        <line num="32" type="stmt" count="39"/>
        <line num="34" type="method" name="initializeReasonPhrase" visibility="private" complexity="4" crap="4" count="39"/>
        <line num="36" type="stmt" count="39"/>
        <line num="37" type="stmt" count="37"/>
        <line num="39" type="stmt" count="2"/>
        <line num="41" type="stmt" count="39"/>
        <line num="45" type="method" name="getStatusCode" visibility="public" complexity="1" crap="1" count="9"/>
        <line num="47" type="stmt" count="9"/>
        <line num="50" type="method" name="getReasonPhrase" visibility="public" complexity="1" crap="1" count="7"/>
        <line num="52" type="stmt" count="7"/>
        <line num="57" type="method" name="withStatus" visibility="public" complexity="4" crap="4" count="8"/>
        <line num="59" type="stmt" count="8"/>
        <line num="61" type="stmt" count="8"/>
        <line num="62" type="stmt" count="8"/>
        <line num="65" type="stmt" count="8"/>
        <line num="66" type="stmt" count="8"/>
        <line num="68" type="stmt" count="6"/>
        <line num="71" type="stmt" count="8"/>
        <line num="72" type="stmt" count="8"/>
        <line num="75" type="method" name="validateStatusCode" visibility="private" complexity="5" crap="5.20" count="40"/>
        <line num="77" type="stmt" count="40"/>
        <line num="78" type="stmt" count="0"/>
        <line num="81" type="stmt" count="40"/>
        <line num="82" type="stmt" count="1"/>
        <line num="84" type="stmt" count="39"/>
        <metrics loc="84" ncloc="80" classes="1" methods="6" coveredmethods="5" conditionals="0" coveredconditionals="0" statements="27" coveredstatements="26" elements="33" coveredelements="31"/>
      </file>
      <file name="src\ServerRequest.php">
        <class name="Furious\Psr7\ServerRequest" namespace="Furious\Psr7">
          <metrics complexity="22" methods="15" coveredmethods="13" conditionals="0" coveredconditionals="0" statements="46" coveredstatements="42" elements="61" coveredelements="55"/>
        </class>
        <line num="25" type="method" name="__construct" visibility="public" complexity="2" crap="2" count="15"/>
        <line num="32" type="stmt" count="15"/>
        <line num="33" type="stmt" count="14"/>
        <line num="34" type="stmt" count="1"/>
        <line num="36" type="stmt" count="14"/>
        <line num="37" type="stmt" count="14"/>
        <line num="38" type="stmt" count="14"/>
        <line num="39" type="stmt" count="14"/>
        <line num="40" type="stmt" count="14"/>
        <line num="41" type="stmt" count="14"/>
        <line num="42" type="stmt" count="14"/>
        <line num="43" type="stmt" count="14"/>
        <line num="47" type="method" name="getServerParams" visibility="public" complexity="1" crap="1" count="1"/>
        <line num="49" type="stmt" count="1"/>
        <line num="52" type="method" name="getUploadedFiles" visibility="public" complexity="1" crap="1" count="1"/>
        <line num="54" type="stmt" count="1"/>
        <line num="57" type="method" name="getCookieParams" visibility="public" complexity="1" crap="1" count="1"/>
        <line num="59" type="stmt" count="1"/>
        <line num="62" type="method" name="getQueryParams" visibility="public" complexity="1" crap="2" count="0"/>
        <line num="64" type="stmt" count="0"/>
        <line num="67" type="method" name="getAttributes" visibility="public" complexity="1" crap="1" count="2"/>
        <line num="69" type="stmt" count="2"/>
        <line num="72" type="method" name="getParsedBody" visibility="public" complexity="1" crap="1" count="6"/>
        <line num="74" type="stmt" count="6"/>
        <line num="77" type="method" name="getAttribute" visibility="public" complexity="2" crap="2" count="2"/>
        <line num="79" type="stmt" count="2"/>
        <line num="80" type="stmt" count="2"/>
        <line num="83" type="stmt" count="2"/>
        <line num="88" type="method" name="withUploadedFiles" visibility="public" complexity="1" crap="1" count="1"/>
        <line num="90" type="stmt" count="1"/>
        <line num="91" type="stmt" count="1"/>
        <line num="92" type="stmt" count="1"/>
        <line num="95" type="method" name="withCookieParams" visibility="public" complexity="1" crap="1" count="1"/>
        <line num="97" type="stmt" count="1"/>
        <line num="98" type="stmt" count="1"/>
        <line num="99" type="stmt" count="1"/>
        <line num="102" type="method" name="withQueryParams" visibility="public" complexity="1" crap="2" count="0"/>
        <line num="104" type="stmt" count="0"/>
        <line num="105" type="stmt" count="0"/>
        <line num="106" type="stmt" count="0"/>
        <line num="109" type="method" name="withAttribute" visibility="public" complexity="1" crap="1" count="2"/>
        <line num="111" type="stmt" count="2"/>
        <line num="112" type="stmt" count="2"/>
        <line num="113" type="stmt" count="2"/>
        <line num="116" type="method" name="withoutAttribute" visibility="public" complexity="2" crap="2" count="2"/>
        <line num="118" type="stmt" count="2"/>
        <line num="119" type="stmt" count="1"/>
        <line num="122" type="stmt" count="2"/>
        <line num="123" type="stmt" count="2"/>
        <line num="124" type="stmt" count="2"/>
        <line num="127" type="method" name="withParsedBody" visibility="public" complexity="2" crap="2" count="5"/>
        <line num="129" type="stmt" count="5"/>
        <line num="130" type="stmt" count="1"/>
        <line num="133" type="stmt" count="5"/>
        <line num="135" type="stmt" count="4"/>
        <line num="136" type="stmt" count="4"/>
        <line num="137" type="stmt" count="4"/>
        <line num="140" type="method" name="validateBody" visibility="private" complexity="4" crap="4" count="14"/>
        <line num="142" type="stmt" count="14"/>
        <line num="143" type="stmt" count="1"/>
        <line num="145" type="stmt" count="14"/>
        <metrics loc="145" ncloc="139" classes="1" methods="15" coveredmethods="13" conditionals="0" coveredconditionals="0" statements="46" coveredstatements="42" elements="61" coveredelements="55"/>
      </file>
      <file name="src\Stream.php">
        <class name="Furious\Psr7\Stream" namespace="Furious\Psr7">
          <metrics complexity="48" methods="19" coveredmethods="11" conditionals="0" coveredconditionals="0" statements="96" coveredstatements="87" elements="115" coveredelements="98"/>
        </class>
        <line num="54" type="method" name="new" visibility="public" complexity="6" crap="6" count="54"/>
        <line num="56" type="stmt" count="54"/>
        <line num="58" type="stmt" count="54"/>
        <line num="59" type="stmt" count="2"/>
        <line num="62" type="stmt" count="52"/>
        <line num="63" type="stmt" count="35"/>
        <line num="66" type="stmt" count="52"/>
        <line num="67" type="stmt" count="2"/>
        <line num="70" type="stmt" count="52"/>
        <line num="71" type="stmt" count="51"/>
        <line num="72" type="stmt" count="51"/>
        <line num="73" type="stmt" count="51"/>
        <line num="74" type="stmt" count="51"/>
        <line num="75" type="stmt" count="51"/>
        <line num="76" type="stmt" count="51"/>
        <line num="78" type="stmt" count="51"/>
        <line num="81" type="stmt" count="1"/>
        <line num="84" type="method" name="initializeAsString" visibility="private" complexity="3" crap="3.21" count="35"/>
        <line num="86" type="stmt" count="35"/>
        <line num="87" type="stmt" count="0"/>
        <line num="89" type="stmt" count="35"/>
        <line num="92" type="stmt" count="35"/>
        <line num="93" type="stmt" count="0"/>
        <line num="96" type="stmt" count="35"/>
        <line num="97" type="stmt" count="35"/>
        <line num="100" type="method" name="initializeAsArray" visibility="private" complexity="2" crap="2.02" count="2"/>
        <line num="102" type="stmt" count="2"/>
        <line num="103" type="stmt" count="2"/>
        <line num="105" type="stmt" count="2"/>
        <line num="106" type="stmt" count="0"/>
        <line num="109" type="stmt" count="2"/>
        <line num="110" type="stmt" count="2"/>
        <line num="113" type="method" name="__toString" visibility="public" complexity="2" crap="2" count="18"/>
        <line num="115" type="stmt" count="18"/>
        <line num="116" type="stmt" count="17"/>
        <line num="119" type="stmt" count="18"/>
        <line num="122" type="method" name="__destruct" visibility="public" complexity="1" crap="1" count="54"/>
        <line num="124" type="stmt" count="54"/>
        <line num="125" type="stmt" count="54"/>
        <line num="127" type="method" name="close" visibility="public" complexity="3" crap="3" count="54"/>
        <line num="129" type="stmt" count="54"/>
        <line num="130" type="stmt" count="49"/>
        <line num="131" type="stmt" count="49"/>
        <line num="133" type="stmt" count="49"/>
        <line num="135" type="stmt" count="54"/>
        <line num="140" type="method" name="detach" visibility="public" complexity="2" crap="2" count="51"/>
        <line num="142" type="stmt" count="51"/>
        <line num="143" type="stmt" count="1"/>
        <line num="146" type="stmt" count="51"/>
        <line num="147" type="stmt" count="51"/>
        <line num="149" type="stmt" count="51"/>
        <line num="150" type="stmt" count="51"/>
        <line num="151" type="stmt" count="51"/>
        <line num="152" type="stmt" count="51"/>
        <line num="153" type="stmt" count="51"/>
        <line num="155" type="stmt" count="51"/>
        <line num="158" type="method" name="getSize" visibility="public" complexity="6" crap="6.03" count="7"/>
        <line num="160" type="stmt" count="7"/>
        <line num="161" type="stmt" count="3"/>
        <line num="164" type="stmt" count="7"/>
        <line num="165" type="stmt" count="2"/>
        <line num="168" type="stmt" count="5"/>
        <line num="169" type="stmt" count="5"/>
        <line num="172" type="stmt" count="5"/>
        <line num="173" type="stmt" count="5"/>
        <line num="174" type="stmt" count="5"/>
        <line num="175" type="stmt" count="5"/>
        <line num="178" type="stmt" count="0"/>
        <line num="181" type="method" name="tell" visibility="public" complexity="2" crap="2.15" count="2"/>
        <line num="183" type="stmt" count="2"/>
        <line num="184" type="stmt" count="0"/>
        <line num="187" type="stmt" count="1"/>
        <line num="190" type="method" name="read" visibility="public" complexity="2" crap="2" count="5"/>
        <line num="192" type="stmt" count="5"/>
        <line num="193" type="stmt" count="1"/>
        <line num="196" type="stmt" count="4"/>
        <line num="200" type="method" name="eof" visibility="public" complexity="2" crap="2" count="6"/>
        <line num="202" type="stmt" count="6"/>
        <line num="205" type="method" name="isSeekable" visibility="public" complexity="1" crap="1" count="22"/>
        <line num="207" type="stmt" count="22"/>
        <line num="210" type="method" name="isWritable" visibility="public" complexity="1" crap="1" count="3"/>
        <line num="212" type="stmt" count="3"/>
        <line num="215" type="method" name="isReadable" visibility="public" complexity="1" crap="1" count="3"/>
        <line num="217" type="stmt" count="3"/>
        <line num="220" type="method" name="seek" visibility="public" complexity="3" crap="3.07" count="22"/>
        <line num="222" type="stmt" count="22"/>
        <line num="223" type="stmt" count="1"/>
        <line num="226" type="stmt" count="21"/>
        <line num="227" type="stmt" count="0"/>
        <line num="229" type="stmt" count="21"/>
        <line num="231" type="method" name="rewind" visibility="public" complexity="1" crap="1" count="3"/>
        <line num="233" type="stmt" count="3"/>
        <line num="234" type="stmt" count="3"/>
        <line num="236" type="method" name="write" visibility="public" complexity="3" crap="3.03" count="6"/>
        <line num="238" type="stmt" count="6"/>
        <line num="239" type="stmt" count="1"/>
        <line num="242" type="stmt" count="6"/>
        <line num="244" type="stmt" count="6"/>
        <line num="245" type="stmt" count="6"/>
        <line num="246" type="stmt" count="0"/>
        <line num="249" type="stmt" count="6"/>
        <line num="252" type="method" name="getContents" visibility="public" complexity="3" crap="3.04" count="19"/>
        <line num="254" type="stmt" count="19"/>
        <line num="255" type="stmt" count="1"/>
        <line num="258" type="stmt" count="18"/>
        <line num="259" type="stmt" count="18"/>
        <line num="260" type="stmt" count="0"/>
        <line num="263" type="stmt" count="18"/>
        <line num="270" type="method" name="getMetadata" visibility="public" complexity="4" crap="4.07" count="51"/>
        <line num="272" type="stmt" count="51"/>
        <line num="273" type="stmt" count="1"/>
        <line num="276" type="stmt" count="51"/>
        <line num="278" type="stmt" count="51"/>
        <line num="279" type="stmt" count="0"/>
        <line num="282" type="stmt" count="51"/>
        <metrics loc="283" ncloc="274" classes="1" methods="19" coveredmethods="11" conditionals="0" coveredconditionals="0" statements="96" coveredstatements="87" elements="115" coveredelements="98"/>
      </file>
      <file name="src\UploadedFile.php">
        <class name="Furious\Psr7\UploadedFile" namespace="Furious\Psr7">
          <metrics complexity="35" methods="13" coveredmethods="8" conditionals="0" coveredconditionals="0" statements="59" coveredstatements="53" elements="72" coveredelements="61"/>
        </class>
        <line num="51" type="method" name="__construct" visibility="public" complexity="6" crap="6" count="34"/>
        <line num="56" type="stmt" count="34"/>
        <line num="57" type="stmt" count="1"/>
        <line num="60" type="stmt" count="33"/>
        <line num="62" type="stmt" count="33"/>
        <line num="63" type="stmt" count="14"/>
        <line num="66" type="stmt" count="19"/>
        <line num="67" type="stmt" count="19"/>
        <line num="68" type="stmt" count="19"/>
        <line num="70" type="stmt" count="19"/>
        <line num="71" type="stmt" count="19"/>
        <line num="73" type="stmt" count="18"/>
        <line num="75" type="method" name="initializeStream" visibility="private" complexity="4" crap="4" count="19"/>
        <line num="77" type="stmt" count="19"/>
        <line num="78" type="stmt" count="3"/>
        <line num="79" type="stmt" count="16"/>
        <line num="80" type="stmt" count="1"/>
        <line num="81" type="stmt" count="15"/>
        <line num="82" type="stmt" count="14"/>
        <line num="84" type="stmt" count="1"/>
        <line num="86" type="stmt" count="18"/>
        <line num="90" type="method" name="getSize" visibility="public" complexity="2" crap="2" count="1"/>
        <line num="92" type="stmt" count="1"/>
        <line num="95" type="method" name="getError" visibility="public" complexity="1" crap="1" count="1"/>
        <line num="97" type="stmt" count="1"/>
        <line num="100" type="method" name="getClientFilename" visibility="public" complexity="2" crap="2" count="1"/>
        <line num="102" type="stmt" count="1"/>
        <line num="105" type="method" name="getClientMediaType" visibility="public" complexity="2" crap="2" count="1"/>
        <line num="107" type="stmt" count="1"/>
        <line num="110" type="method" name="getStream" visibility="public" complexity="2" crap="2" count="6"/>
        <line num="112" type="stmt" count="6"/>
        <line num="114" type="stmt" count="6"/>
        <line num="115" type="stmt" count="5"/>
        <line num="118" type="stmt" count="1"/>
        <line num="120" type="stmt" count="1"/>
        <line num="125" type="method" name="moveTo" visibility="public" complexity="5" crap="5" count="12"/>
        <line num="127" type="stmt" count="12"/>
        <line num="129" type="stmt" count="12"/>
        <line num="130" type="stmt" count="8"/>
        <line num="133" type="stmt" count="4"/>
        <line num="134" type="stmt" count="1"/>
        <line num="136" type="stmt" count="3"/>
        <line num="137" type="stmt" count="3"/>
        <line num="138" type="stmt" count="3"/>
        <line num="141" type="stmt" count="3"/>
        <line num="142" type="stmt" count="3"/>
        <line num="145" type="stmt" count="4"/>
        <line num="146" type="stmt" count="4"/>
        <line num="151" type="method" name="setMoved" visibility="public" complexity="1" crap="2" count="0"/>
        <line num="153" type="stmt" count="0"/>
        <line num="154" type="stmt" count="0"/>
        <line num="158" type="method" name="validateActive" visibility="private" complexity="3" crap="3.07" count="15"/>
        <line num="160" type="stmt" count="15"/>
        <line num="161" type="stmt" count="0"/>
        <line num="164" type="stmt" count="15"/>
        <line num="165" type="stmt" count="2"/>
        <line num="167" type="stmt" count="15"/>
        <line num="169" type="method" name="validateIsMoved" visibility="private" complexity="2" crap="2.15" count="4"/>
        <line num="171" type="stmt" count="4"/>
        <line num="172" type="stmt" count="0"/>
        <line num="174" type="stmt" count="4"/>
        <line num="178" type="method" name="copyStreamContent" visibility="private" complexity="3" crap="3.07" count="3"/>
        <line num="180" type="stmt" count="3"/>
        <line num="181" type="stmt" count="3"/>
        <line num="182" type="stmt" count="3"/>
        <line num="183" type="stmt" count="0"/>
        <line num="186" type="stmt" count="3"/>
        <line num="188" type="method" name="setIsMovedByFile" visibility="private" complexity="2" crap="2.06" count="1"/>
        <line num="190" type="stmt" count="1"/>
        <line num="191" type="stmt" count="1"/>
        <line num="193" type="stmt" count="0"/>
        <line num="195" type="stmt" count="1"/>
        <metrics loc="195" ncloc="184" classes="1" methods="13" coveredmethods="8" conditionals="0" coveredconditionals="0" statements="59" coveredstatements="53" elements="72" coveredelements="61"/>
      </file>
      <file name="src\Uri.php">
        <class name="Furious\Psr7\Uri" namespace="Furious\Psr7">
          <metrics complexity="29" methods="17" coveredmethods="17" conditionals="0" coveredconditionals="0" statements="73" coveredstatements="73" elements="90" coveredelements="90"/>
        </class>
        <line num="37" type="method" name="__construct" visibility="public" complexity="4" crap="4" count="96"/>
        <line num="39" type="stmt" count="96"/>
        <line num="40" type="stmt" count="96"/>
        <line num="41" type="stmt" count="72"/>
        <line num="42" type="stmt" count="72"/>
        <line num="43" type="stmt" count="4"/>
        <line num="46" type="stmt" count="68"/>
        <line num="48" type="stmt" count="68"/>
        <line num="49" type="stmt" count="68"/>
        <line num="50" type="stmt" count="68"/>
        <line num="51" type="stmt" count="68"/>
        <line num="52" type="stmt" count="68"/>
        <line num="53" type="stmt" count="68"/>
        <line num="54" type="stmt" count="68"/>
        <line num="56" type="stmt" count="68"/>
        <line num="57" type="stmt" count="2"/>
        <line num="60" type="stmt" count="92"/>
        <line num="62" type="method" name="__toString" visibility="public" complexity="1" crap="1" count="33"/>
        <line num="65" type="stmt" count="33"/>
        <line num="66" type="stmt" count="33"/>
        <line num="67" type="stmt" count="33"/>
        <line num="68" type="stmt" count="33"/>
        <line num="69" type="stmt" count="33"/>
        <line num="70" type="stmt" count="33"/>
        <line num="71" type="stmt" count="33"/>
        <line num="77" type="method" name="getScheme" visibility="public" complexity="1" crap="1" count="8"/>
        <line num="79" type="stmt" count="8"/>
        <line num="82" type="method" name="getAuthority" visibility="public" complexity="4" crap="4" count="38"/>
        <line num="84" type="stmt" count="38"/>
        <line num="85" type="stmt" count="21"/>
        <line num="88" type="stmt" count="17"/>
        <line num="89" type="stmt" count="17"/>
        <line num="90" type="stmt" count="5"/>
        <line num="93" type="stmt" count="17"/>
        <line num="94" type="stmt" count="5"/>
        <line num="97" type="stmt" count="17"/>
        <line num="100" type="method" name="getUserInfo" visibility="public" complexity="1" crap="1" count="7"/>
        <line num="102" type="stmt" count="7"/>
        <line num="105" type="method" name="getHost" visibility="public" complexity="1" crap="1" count="51"/>
        <line num="107" type="stmt" count="51"/>
        <line num="110" type="method" name="getPort" visibility="public" complexity="2" crap="2" count="21"/>
        <line num="112" type="stmt" count="21"/>
        <line num="115" type="method" name="getPath" visibility="public" complexity="1" crap="1" count="15"/>
        <line num="117" type="stmt" count="15"/>
        <line num="120" type="method" name="getQuery" visibility="public" complexity="1" crap="1" count="12"/>
        <line num="122" type="stmt" count="12"/>
        <line num="125" type="method" name="getFragment" visibility="public" complexity="1" crap="1" count="7"/>
        <line num="127" type="stmt" count="7"/>
        <line num="132" type="method" name="withScheme" visibility="public" complexity="2" crap="2" count="7"/>
        <line num="134" type="stmt" count="7"/>
        <line num="135" type="stmt" count="1"/>
        <line num="138" type="stmt" count="6"/>
        <line num="140" type="stmt" count="6"/>
        <line num="141" type="stmt" count="6"/>
        <line num="142" type="stmt" count="6"/>
        <line num="144" type="stmt" count="6"/>
        <line num="147" type="method" name="withUserInfo" visibility="public" complexity="3" crap="3" count="5"/>
        <line num="149" type="stmt" count="5"/>
        <line num="150" type="stmt" count="5"/>
        <line num="151" type="stmt" count="5"/>
        <line num="154" type="stmt" count="5"/>
        <line num="155" type="stmt" count="5"/>
        <line num="157" type="stmt" count="5"/>
        <line num="160" type="method" name="withHost" visibility="public" complexity="2" crap="2" count="8"/>
        <line num="162" type="stmt" count="8"/>
        <line num="163" type="stmt" count="1"/>
        <line num="166" type="stmt" count="7"/>
        <line num="168" type="stmt" count="7"/>
        <line num="169" type="stmt" count="7"/>
        <line num="171" type="stmt" count="7"/>
        <line num="174" type="method" name="withPort" visibility="public" complexity="2" crap="2" count="9"/>
        <line num="176" type="stmt" count="9"/>
        <line num="177" type="stmt" count="7"/>
        <line num="178" type="stmt" count="7"/>
        <line num="180" type="stmt" count="7"/>
        <line num="183" type="method" name="withPath" visibility="public" complexity="1" crap="1" count="9"/>
        <line num="185" type="stmt" count="9"/>
        <line num="187" type="stmt" count="8"/>
        <line num="188" type="stmt" count="8"/>
        <line num="190" type="stmt" count="8"/>
        <line num="193" type="method" name="withQuery" visibility="public" complexity="1" crap="1" count="6"/>
        <line num="195" type="stmt" count="6"/>
        <line num="197" type="stmt" count="5"/>
        <line num="198" type="stmt" count="5"/>
        <line num="200" type="stmt" count="5"/>
        <line num="203" type="method" name="withFragment" visibility="public" complexity="1" crap="1" count="6"/>
        <line num="205" type="stmt" count="6"/>
        <line num="207" type="stmt" count="5"/>
        <line num="208" type="stmt" count="5"/>
        <line num="210" type="stmt" count="5"/>
        <metrics loc="211" ncloc="207" classes="1" methods="17" coveredmethods="17" conditionals="0" coveredconditionals="0" statements="73" coveredstatements="73" elements="90" coveredelements="90"/>
      </file>
    </package>
    <package name="Furious\Psr7\Protocol">
      <file name="src\Protocol\Protocol.php">
        <class name="Furious\Psr7\Protocol\Protocol" namespace="Furious\Psr7\Protocol">
          <metrics complexity="3" methods="1" coveredmethods="1" conditionals="0" coveredconditionals="0" statements="6" coveredstatements="6" elements="7" coveredelements="7"/>
        </class>
        <line num="11" type="method" name="getVersion" visibility="public" complexity="3" crap="3" count="3"/>
        <line num="13" type="stmt" count="3"/>
        <line num="14" type="stmt" count="1"/>
        <line num="17" type="stmt" count="2"/>
        <line num="18" type="stmt" count="1"/>
        <line num="19" type="stmt" count="1"/>
        <line num="23" type="stmt" count="1"/>
        <metrics loc="24" ncloc="24" classes="1" methods="1" coveredmethods="1" conditionals="0" coveredconditionals="0" statements="6" coveredstatements="6" elements="7" coveredelements="7"/>
      </file>
    </package>
    <package name="Furious\Psr7\Response">
      <file name="src\Response\EmptyResponse.php">
        <class name="Furious\Psr7\Response\EmptyResponse" namespace="Furious\Psr7\Response">
          <metrics complexity="1" methods="1" coveredmethods="1" conditionals="0" coveredconditionals="0" statements="2" coveredstatements="2" elements="3" coveredelements="3"/>
        </class>
        <line num="11" type="method" name="__construct" visibility="public" complexity="1" crap="1" count="2"/>
        <line num="13" type="stmt" count="2"/>
        <line num="14" type="stmt" count="2"/>
        <metrics loc="14" ncloc="14" classes="1" methods="1" coveredmethods="1" conditionals="0" coveredconditionals="0" statements="2" coveredstatements="2" elements="3" coveredelements="3"/>
      </file>
      <file name="src\Response\HtmlResponse.php">
        <class name="Furious\Psr7\Response\HtmlResponse" namespace="Furious\Psr7\Response">
          <metrics complexity="1" methods="1" coveredmethods="1" conditionals="0" coveredconditionals="0" statements="3" coveredstatements="3" elements="4" coveredelements="4"/>
        </class>
        <line num="11" type="method" name="__construct" visibility="public" complexity="1" crap="1" count="2"/>
        <line num="13" type="stmt" count="2"/>
        <line num="14" type="stmt" count="2"/>
        <line num="16" type="stmt" count="2"/>
        <metrics loc="16" ncloc="16" classes="1" methods="1" coveredmethods="1" conditionals="0" coveredconditionals="0" statements="3" coveredstatements="3" elements="4" coveredelements="4"/>
      </file>
      <file name="src\Response\JsonResponse.php">
        <class name="Furious\Psr7\Response\JsonResponse" namespace="Furious\Psr7\Response">
          <metrics complexity="1" methods="1" coveredmethods="1" conditionals="0" coveredconditionals="0" statements="4" coveredstatements="4" elements="5" coveredelements="5"/>
        </class>
        <line num="11" type="method" name="__construct" visibility="public" complexity="1" crap="1" count="2"/>
        <line num="13" type="stmt" count="2"/>
        <line num="14" type="stmt" count="2"/>
        <line num="15" type="stmt" count="2"/>
        <line num="17" type="stmt" count="2"/>
        <metrics loc="17" ncloc="17" classes="1" methods="1" coveredmethods="1" conditionals="0" coveredconditionals="0" statements="4" coveredstatements="4" elements="5" coveredelements="5"/>
      </file>
      <file name="src\Response\Phrases.php">
        <class name="Furious\Psr7\Response\Phrases" namespace="Furious\Psr7\Response">
          <metrics complexity="0" methods="0" coveredmethods="0" conditionals="0" coveredconditionals="0" statements="0" coveredstatements="0" elements="0" coveredelements="0"/>
        </class>
        <metrics loc="68" ncloc="68" classes="0" methods="0" coveredmethods="0" conditionals="0" coveredconditionals="0" statements="0" coveredstatements="0" elements="0" coveredelements="0"/>
      </file>
      <file name="src\Response\RedirectResponse.php">
        <class name="Furious\Psr7\Response\RedirectResponse" namespace="Furious\Psr7\Response">
          <metrics complexity="3" methods="1" coveredmethods="1" conditionals="0" coveredconditionals="0" statements="6" coveredstatements="6" elements="7" coveredelements="7"/>
        </class>
        <line num="13" type="method" name="__construct" visibility="public" complexity="3" crap="3" count="4"/>
        <line num="15" type="stmt" count="4"/>
        <line num="16" type="stmt" count="1"/>
        <line num="19" type="stmt" count="3"/>
        <line num="20" type="stmt" count="3"/>
        <line num="21" type="stmt" count="3"/>
        <line num="22" type="stmt" count="3"/>
        <metrics loc="22" ncloc="22" classes="1" methods="1" coveredmethods="1" conditionals="0" coveredconditionals="0" statements="6" coveredstatements="6" elements="7" coveredelements="7"/>
      </file>
      <file name="src\Response\TextResponse.php">
        <class name="Furious\Psr7\Response\TextResponse" namespace="Furious\Psr7\Response">
          <metrics complexity="1" methods="1" coveredmethods="1" conditionals="0" coveredconditionals="0" statements="3" coveredstatements="3" elements="4" coveredelements="4"/>
        </class>
        <line num="11" type="method" name="__construct" visibility="public" complexity="1" crap="1" count="2"/>
        <line num="13" type="stmt" count="2"/>
        <line num="14" type="stmt" count="2"/>
        <line num="16" type="stmt" count="2"/>
        <metrics loc="16" ncloc="16" classes="1" methods="1" coveredmethods="1" conditionals="0" coveredconditionals="0" statements="3" coveredstatements="3" elements="4" coveredelements="4"/>
      </file>
      <file name="src\Response\XmlResponse.php">
        <class name="Furious\Psr7\Response\XmlResponse" namespace="Furious\Psr7\Response">
          <metrics complexity="2" methods="1" coveredmethods="1" conditionals="0" coveredconditionals="0" statements="6" coveredstatements="6" elements="7" coveredelements="7"/>
        </class>
        <line num="12" type="method" name="__construct" visibility="public" complexity="2" crap="2" count="3"/>
        <line num="14" type="stmt" count="3"/>
        <line num="15" type="stmt" count="1"/>
        <line num="17" type="stmt" count="2"/>
        <line num="20" type="stmt" count="3"/>
        <line num="21" type="stmt" count="3"/>
        <line num="23" type="stmt" count="3"/>
        <metrics loc="23" ncloc="23" classes="1" methods="1" coveredmethods="1" conditionals="0" coveredconditionals="0" statements="6" coveredstatements="6" elements="7" coveredelements="7"/>
      </file>
    </package>
    <metrics files="39" loc="2120" ncloc="2061" classes="32" methods="149" coveredmethods="124" conditionals="0" coveredconditionals="0" statements="593" coveredstatements="548" elements="742" coveredelements="672"/>
  </project>
</coverage>
