<?xml version="1.0" encoding="UTF-8"?>
<coverage generated="1594275862">
  <project timestamp="1594275862">
    <package name="Arslanoov\Psr7\Builder">
      <file name="src/Builder/UriBuilder.php">
        <class name="UriBuilder" namespace="Arslanoov\Psr7\Builder">
          <metrics complexity="16" methods="6" coveredmethods="6" conditionals="0" coveredconditionals="0" statements="27" coveredstatements="27" elements="33" coveredelements="33"/>
        </class>
        <line num="13" type="method" name="withScheme" visibility="public" complexity="2" crap="2" count="32"/>
        <line num="15" type="stmt" count="32"/>
        <line num="17" type="stmt" count="32"/>
        <line num="18" type="stmt" count="12"/>
        <line num="21" type="stmt" count="32"/>
        <line num="24" type="method" name="withAuthority" visibility="public" complexity="2" crap="2" count="32"/>
        <line num="26" type="stmt" count="32"/>
        <line num="28" type="stmt" count="32"/>
        <line num="29" type="stmt" count="13"/>
        <line num="32" type="stmt" count="32"/>
        <line num="35" type="method" name="withPath" visibility="public" complexity="7" crap="7" count="32"/>
        <line num="37" type="stmt" count="32"/>
        <line num="39" type="stmt" count="32"/>
        <line num="40" type="stmt" count="19"/>
        <line num="41" type="stmt" count="7"/>
        <line num="42" type="stmt" count="7"/>
        <line num="44" type="stmt" count="12"/>
        <line num="45" type="stmt" count="1"/>
        <line num="46" type="stmt" count="1"/>
        <line num="50" type="stmt" count="19"/>
        <line num="53" type="stmt" count="32"/>
        <line num="56" type="method" name="withQuery" visibility="public" complexity="2" crap="2" count="32"/>
        <line num="58" type="stmt" count="32"/>
        <line num="60" type="stmt" count="32"/>
        <line num="61" type="stmt" count="9"/>
        <line num="64" type="stmt" count="32"/>
        <line num="67" type="method" name="withFragment" visibility="public" complexity="2" crap="2" count="32"/>
        <line num="69" type="stmt" count="32"/>
        <line num="71" type="stmt" count="32"/>
        <line num="72" type="stmt" count="8"/>
        <line num="75" type="stmt" count="32"/>
        <line num="81" type="method" name="getUri" visibility="public" complexity="1" crap="1" count="32"/>
        <line num="83" type="stmt" count="32"/>
        <metrics loc="84" ncloc="81" classes="1" methods="6" coveredmethods="6" conditionals="0" coveredconditionals="0" statements="27" coveredstatements="27" elements="33" coveredelements="33"/>
      </file>
    </package>
    <package name="Arslanoov\Psr7\Exception">
      <file name="src/Exception/IncorrectStreamPositionException.php">
        <class name="IncorrectStreamPositionException" namespace="Arslanoov\Psr7\Exception">
          <metrics complexity="1" methods="1" coveredmethods="0" conditionals="0" coveredconditionals="0" statements="3" coveredstatements="0" elements="4" coveredelements="0"/>
        </class>
        <line num="11" type="method" name="__construct" visibility="public" complexity="1" crap="2" count="0"/>
        <line num="12" type="stmt" count="0"/>
        <line num="13" type="stmt" count="0"/>
        <line num="14" type="stmt" count="0"/>
        <metrics loc="14" ncloc="14" classes="1" methods="1" coveredmethods="0" conditionals="0" coveredconditionals="0" statements="3" coveredstatements="0" elements="4" coveredelements="0"/>
      </file>
      <file name="src/Exception/InvalidArgumentException.php">
        <class name="InvalidArgumentException" namespace="Arslanoov\Psr7\Exception">
          <metrics complexity="0" methods="0" coveredmethods="0" conditionals="0" coveredconditionals="0" statements="0" coveredstatements="0" elements="0" coveredelements="0"/>
        </class>
        <metrics loc="11" ncloc="11" classes="0" methods="0" coveredmethods="0" conditionals="0" coveredconditionals="0" statements="0" coveredstatements="0" elements="0" coveredelements="0"/>
      </file>
      <file name="src/Exception/InvalidPortException.php">
        <class name="InvalidPortException" namespace="Arslanoov\Psr7\Exception">
          <metrics complexity="0" methods="0" coveredmethods="0" conditionals="0" coveredconditionals="0" statements="0" coveredstatements="0" elements="0" coveredelements="0"/>
        </class>
        <metrics loc="9" ncloc="9" classes="0" methods="0" coveredmethods="0" conditionals="0" coveredconditionals="0" statements="0" coveredstatements="0" elements="0" coveredelements="0"/>
      </file>
      <file name="src/Exception/InvalidUploadErrorException.php">
        <class name="InvalidUploadErrorException" namespace="Arslanoov\Psr7\Exception">
          <metrics complexity="0" methods="0" coveredmethods="0" conditionals="0" coveredconditionals="0" statements="0" coveredstatements="0" elements="0" coveredelements="0"/>
        </class>
        <metrics loc="9" ncloc="9" classes="0" methods="0" coveredmethods="0" conditionals="0" coveredconditionals="0" statements="0" coveredstatements="0" elements="0" coveredelements="0"/>
      </file>
      <file name="src/Exception/NotReadableStreamException.php">
        <class name="NotReadableStreamException" namespace="Arslanoov\Psr7\Exception">
          <metrics complexity="1" methods="1" coveredmethods="1" conditionals="0" coveredconditionals="0" statements="2" coveredstatements="2" elements="3" coveredelements="3"/>
        </class>
        <line num="11" type="method" name="__construct" visibility="public" complexity="1" crap="1" count="1"/>
        <line num="13" type="stmt" count="1"/>
        <line num="14" type="stmt" count="1"/>
        <metrics loc="14" ncloc="14" classes="1" methods="1" coveredmethods="1" conditionals="0" coveredconditionals="0" statements="2" coveredstatements="2" elements="3" coveredelements="3"/>
      </file>
      <file name="src/Exception/NotSeekableStreamException.php">
        <class name="NotSeekableStreamException" namespace="Arslanoov\Psr7\Exception">
          <metrics complexity="1" methods="1" coveredmethods="1" conditionals="0" coveredconditionals="0" statements="2" coveredstatements="2" elements="3" coveredelements="3"/>
        </class>
        <line num="11" type="method" name="__construct" visibility="public" complexity="1" crap="1" count="1"/>
        <line num="13" type="stmt" count="1"/>
        <line num="14" type="stmt" count="1"/>
        <metrics loc="14" ncloc="14" classes="1" methods="1" coveredmethods="1" conditionals="0" coveredconditionals="0" statements="2" coveredstatements="2" elements="3" coveredelements="3"/>
      </file>
      <file name="src/Exception/NotWritableStreamException.php">
        <class name="NotWritableStreamException" namespace="Arslanoov\Psr7\Exception">
          <metrics complexity="1" methods="1" coveredmethods="1" conditionals="0" coveredconditionals="0" statements="2" coveredstatements="2" elements="3" coveredelements="3"/>
        </class>
        <line num="11" type="method" name="__construct" visibility="public" complexity="1" crap="1" count="1"/>
        <line num="13" type="stmt" count="1"/>
        <line num="14" type="stmt" count="1"/>
        <metrics loc="14" ncloc="14" classes="1" methods="1" coveredmethods="1" conditionals="0" coveredconditionals="0" statements="2" coveredstatements="2" elements="3" coveredelements="3"/>
      </file>
      <file name="src/Exception/RuntimeException.php">
        <class name="RuntimeException" namespace="Arslanoov\Psr7\Exception">
          <metrics complexity="0" methods="0" coveredmethods="0" conditionals="0" coveredconditionals="0" statements="0" coveredstatements="0" elements="0" coveredelements="0"/>
        </class>
        <metrics loc="11" ncloc="11" classes="0" methods="0" coveredmethods="0" conditionals="0" coveredconditionals="0" statements="0" coveredstatements="0" elements="0" coveredelements="0"/>
      </file>
      <file name="src/Exception/StreamAlreadyMovedException.php">
        <class name="StreamAlreadyMovedException" namespace="Arslanoov\Psr7\Exception">
          <metrics complexity="0" methods="0" coveredmethods="0" conditionals="0" coveredconditionals="0" statements="0" coveredstatements="0" elements="0" coveredelements="0"/>
        </class>
        <metrics loc="9" ncloc="9" classes="0" methods="0" coveredmethods="0" conditionals="0" coveredconditionals="0" statements="0" coveredstatements="0" elements="0" coveredelements="0"/>
      </file>
      <file name="src/Exception/UnableToParseUriException.php">
        <class name="UnableToParseUriException" namespace="Arslanoov\Psr7\Exception">
          <metrics complexity="2" methods="1" coveredmethods="1" conditionals="0" coveredconditionals="0" statements="4" coveredstatements="4" elements="5" coveredelements="5"/>
        </class>
        <line num="11" type="method" name="__construct" visibility="public" complexity="2" crap="2" count="4"/>
        <line num="13" type="stmt" count="4"/>
        <line num="14" type="stmt" count="4"/>
        <line num="15" type="stmt" count="4"/>
        <line num="17" type="stmt" count="4"/>
        <metrics loc="17" ncloc="17" classes="1" methods="1" coveredmethods="1" conditionals="0" coveredconditionals="0" statements="4" coveredstatements="4" elements="5" coveredelements="5"/>
      </file>
      <file name="src/Exception/UnableToSeekException.php">
        <class name="UnableToSeekException" namespace="Arslanoov\Psr7\Exception">
          <metrics complexity="2" methods="1" coveredmethods="0" conditionals="0" coveredconditionals="0" statements="6" coveredstatements="0" elements="7" coveredelements="0"/>
        </class>
        <line num="11" type="method" name="__construct" visibility="public" complexity="2" crap="6" count="0"/>
        <line num="12" type="stmt" count="0"/>
        <line num="13" type="stmt" count="0"/>
        <line num="14" type="stmt" count="0"/>
        <line num="15" type="stmt" count="0"/>
        <line num="16" type="stmt" count="0"/>
        <line num="17" type="stmt" count="0"/>
        <metrics loc="17" ncloc="17" classes="1" methods="1" coveredmethods="0" conditionals="0" coveredconditionals="0" statements="6" coveredstatements="0" elements="7" coveredelements="0"/>
      </file>
      <file name="src/Exception/UnownedProtocolVersion.php">
        <class name="UnownedProtocolVersion" namespace="Arslanoov\Psr7\Exception">
          <metrics complexity="1" methods="1" coveredmethods="1" conditionals="0" coveredconditionals="0" statements="3" coveredstatements="3" elements="4" coveredelements="4"/>
        </class>
        <line num="12" type="method" name="__construct" visibility="public" complexity="1" crap="1" count="1"/>
        <line num="14" type="stmt" count="1"/>
        <line num="15" type="stmt" count="1"/>
        <line num="16" type="stmt" count="1"/>
        <metrics loc="16" ncloc="16" classes="1" methods="1" coveredmethods="1" conditionals="0" coveredconditionals="0" statements="3" coveredstatements="3" elements="4" coveredelements="4"/>
      </file>
      <file name="src/Exception/UploadErrorException.php">
        <class name="UploadErrorException" namespace="Arslanoov\Psr7\Exception">
          <metrics complexity="0" methods="0" coveredmethods="0" conditionals="0" coveredconditionals="0" statements="0" coveredstatements="0" elements="0" coveredelements="0"/>
        </class>
        <metrics loc="9" ncloc="9" classes="0" methods="0" coveredmethods="0" conditionals="0" coveredconditionals="0" statements="0" coveredstatements="0" elements="0" coveredelements="0"/>
      </file>
    </package>
    <package name="Arslanoov\Psr7\Factory">
      <file name="src/Factory/RequestFactory.php">
        <class name="RequestFactory" namespace="Arslanoov\Psr7\Factory">
          <metrics complexity="1" methods="1" coveredmethods="1" conditionals="0" coveredconditionals="0" statements="1" coveredstatements="1" elements="2" coveredelements="2"/>
        </class>
        <line num="13" type="method" name="createRequest" visibility="public" complexity="1" crap="1" count="1"/>
        <line num="15" type="stmt" count="1"/>
        <metrics loc="16" ncloc="16" classes="1" methods="1" coveredmethods="1" conditionals="0" coveredconditionals="0" statements="1" coveredstatements="1" elements="2" coveredelements="2"/>
      </file>
      <file name="src/Factory/ResponseFactory.php">
        <class name="ResponseFactory" namespace="Arslanoov\Psr7\Factory">
          <metrics complexity="1" methods="1" coveredmethods="1" conditionals="0" coveredconditionals="0" statements="2" coveredstatements="2" elements="3" coveredelements="3"/>
        </class>
        <line num="13" type="method" name="createResponse" visibility="public" complexity="1" crap="1" count="1"/>
        <line num="16" type="stmt" count="1"/>
        <line num="17" type="stmt" count="1"/>
        <metrics loc="19" ncloc="19" classes="1" methods="1" coveredmethods="1" conditionals="0" coveredconditionals="0" statements="2" coveredstatements="2" elements="3" coveredelements="3"/>
      </file>
      <file name="src/Factory/ServerRequestFactory.php">
        <class name="ServerRequestFactory" namespace="Arslanoov\Psr7\Factory">
          <metrics complexity="2" methods="2" coveredmethods="1" conditionals="0" coveredconditionals="0" statements="12" coveredstatements="9" elements="14" coveredelements="10"/>
        </class>
        <line num="15" type="method" name="createServerRequest" visibility="public" complexity="1" crap="1" count="1"/>
        <line num="17" type="stmt" count="1"/>
        <line num="20" type="method" name="fromGlobals" visibility="public" complexity="1" crap="1.02" count="1"/>
        <line num="22" type="stmt" count="1"/>
        <line num="23" type="stmt" count="1"/>
        <line num="24" type="stmt" count="1"/>
        <line num="25" type="stmt" count="1"/>
        <line num="26" type="stmt" count="1"/>
        <line num="28" type="stmt" count="1"/>
        <line num="29" type="stmt" count="1"/>
        <line num="33" type="stmt" count="0"/>
        <line num="35" type="stmt" count="0"/>
        <line num="36" type="stmt" count="0"/>
        <line num="37" type="stmt" count="1"/>
        <metrics loc="39" ncloc="39" classes="1" methods="2" coveredmethods="1" conditionals="0" coveredconditionals="0" statements="12" coveredstatements="9" elements="14" coveredelements="10"/>
      </file>
      <file name="src/Factory/StreamFactory.php">
        <class name="StreamFactory" namespace="Arslanoov\Psr7\Factory">
          <metrics complexity="6" methods="3" coveredmethods="2" conditionals="0" coveredconditionals="0" statements="8" coveredstatements="2" elements="11" coveredelements="4"/>
        </class>
        <line num="21" type="method" name="createStream" visibility="public" complexity="1" crap="1" count="1"/>
        <line num="23" type="stmt" count="1"/>
        <line num="26" type="method" name="createStreamFromResource" visibility="public" complexity="1" crap="1" count="2"/>
        <line num="28" type="stmt" count="2"/>
        <line num="31" type="method" name="createStreamFromFile" visibility="public" complexity="4" crap="20" count="0"/>
        <line num="33" type="stmt" count="0"/>
        <line num="34" type="stmt" count="0"/>
        <line num="35" type="stmt" count="0"/>
        <line num="36" type="stmt" count="0"/>
        <line num="39" type="stmt" count="0"/>
        <line num="42" type="stmt" count="0"/>
        <metrics loc="43" ncloc="43" classes="1" methods="3" coveredmethods="2" conditionals="0" coveredconditionals="0" statements="8" coveredstatements="2" elements="11" coveredelements="4"/>
      </file>
      <file name="src/Factory/UploadedFileFactory.php">
        <class name="UploadedFileFactory" namespace="Arslanoov\Psr7\Factory">
          <metrics complexity="1" methods="1" coveredmethods="1" conditionals="0" coveredconditionals="0" statements="2" coveredstatements="2" elements="3" coveredelements="3"/>
        </class>
        <line num="15" type="method" name="createUploadedFile" visibility="public" complexity="1" crap="1" count="1"/>
        <line num="20" type="stmt" count="1"/>
        <line num="21" type="stmt" count="1"/>
        <metrics loc="24" ncloc="24" classes="1" methods="1" coveredmethods="1" conditionals="0" coveredconditionals="0" statements="2" coveredstatements="2" elements="3" coveredelements="3"/>
      </file>
      <file name="src/Factory/UriFactory.php">
        <class name="UriFactory" namespace="Arslanoov\Psr7\Factory">
          <metrics complexity="1" methods="1" coveredmethods="1" conditionals="0" coveredconditionals="0" statements="1" coveredstatements="1" elements="2" coveredelements="2"/>
        </class>
        <line num="13" type="method" name="createUri" visibility="public" complexity="1" crap="1" count="1"/>
        <line num="15" type="stmt" count="1"/>
        <metrics loc="16" ncloc="16" classes="1" methods="1" coveredmethods="1" conditionals="0" coveredconditionals="0" statements="1" coveredstatements="1" elements="2" coveredelements="2"/>
      </file>
    </package>
    <package name="Arslanoov\Psr7\Filter">
      <file name="src/Filter/UriFilter.php">
        <class name="UriFilter" namespace="Arslanoov\Psr7\Filter">
          <metrics complexity="16" methods="6" coveredmethods="6" conditionals="0" coveredconditionals="0" statements="18" coveredstatements="18" elements="24" coveredelements="24"/>
        </class>
        <line num="22" type="method" name="filterPort" visibility="public" complexity="7" crap="7" count="16"/>
        <line num="24" type="stmt" count="16"/>
        <line num="25" type="stmt" count="6"/>
        <line num="28" type="stmt" count="14"/>
        <line num="29" type="stmt" count="14"/>
        <line num="30" type="stmt" count="2"/>
        <line num="33" type="stmt" count="12"/>
        <line num="36" type="method" name="filterPath" visibility="public" complexity="2" crap="2" count="64"/>
        <line num="38" type="stmt" count="64"/>
        <line num="39" type="stmt" count="1"/>
        <line num="42" type="stmt" count="63"/>
        <line num="45" type="method" name="filterQuery" visibility="public" complexity="2" crap="2" count="18"/>
        <line num="47" type="stmt" count="18"/>
        <line num="48" type="stmt" count="1"/>
        <line num="51" type="stmt" count="17"/>
        <line num="54" type="method" name="filterFragment" visibility="public" complexity="2" crap="2" count="10"/>
        <line num="56" type="stmt" count="10"/>
        <line num="57" type="stmt" count="1"/>
        <line num="60" type="stmt" count="9"/>
        <line num="63" type="method" name="isNonStandardPort" visibility="private" complexity="2" crap="2" count="12"/>
        <line num="66" type="stmt" count="12"/>
        <line num="67" type="stmt" count="12"/>
        <line num="70" type="method" name="rawUrlEncodeMatchZero" visibility="private" complexity="1" crap="1" count="4"/>
        <line num="72" type="stmt" count="4"/>
        <metrics loc="73" ncloc="73" classes="1" methods="6" coveredmethods="6" conditionals="0" coveredconditionals="0" statements="18" coveredstatements="18" elements="24" coveredelements="24"/>
      </file>
    </package>
    <package name="Arslanoov\Psr7\Header">
      <file name="src/Header/HeaderTrimmer.php">
        <class name="HeaderTrimmer" namespace="Arslanoov\Psr7\Header">
          <metrics complexity="4" methods="2" coveredmethods="2" conditionals="0" coveredconditionals="0" statements="9" coveredstatements="9" elements="11" coveredelements="11"/>
        </class>
        <line num="11" type="method" name="trim" visibility="public" complexity="3" crap="3" count="17"/>
        <line num="13" type="stmt" count="17"/>
        <line num="14" type="stmt" count="15"/>
        <line num="15" type="stmt" count="15"/>
        <line num="16" type="stmt" count="15"/>
        <line num="19" type="stmt" count="6"/>
        <line num="20" type="stmt" count="6"/>
        <line num="21" type="stmt" count="6"/>
        <line num="24" type="stmt" count="6"/>
        <line num="27" type="method" name="trimHeaderValue" visibility="private" complexity="1" crap="1" count="17"/>
        <line num="29" type="stmt" count="17"/>
        <metrics loc="30" ncloc="30" classes="1" methods="2" coveredmethods="2" conditionals="0" coveredconditionals="0" statements="9" coveredstatements="9" elements="11" coveredelements="11"/>
      </file>
      <file name="src/Header/HeaderValidator.php">
        <class name="HeaderValidator" namespace="Arslanoov\Psr7\Header">
          <metrics complexity="14" methods="3" coveredmethods="2" conditionals="0" coveredconditionals="0" statements="16" coveredstatements="13" elements="19" coveredelements="15"/>
        </class>
        <line num="15" type="method" name="validate" visibility="public" complexity="12" crap="13.42" count="18"/>
        <line num="17" type="stmt" count="18"/>
        <line num="18" type="stmt" count="1"/>
        <line num="21" type="stmt" count="17"/>
        <line num="23" type="stmt" count="15"/>
        <line num="24" type="stmt" count="15"/>
        <line num="26" type="stmt" count="0"/>
        <line num="29" type="stmt" count="15"/>
        <line num="32" type="stmt" count="6"/>
        <line num="33" type="stmt" count="0"/>
        <line num="36" type="stmt" count="6"/>
        <line num="37" type="stmt" count="6"/>
        <line num="38" type="stmt" count="6"/>
        <line num="39" type="stmt" count="0"/>
        <line num="42" type="stmt" count="6"/>
        <line num="44" type="method" name="matchHeaderRfc" visibility="private" complexity="1" crap="1" count="18"/>
        <line num="46" type="stmt" count="18"/>
        <line num="49" type="method" name="matchHeaderValuesRfc" visibility="private" complexity="1" crap="1" count="17"/>
        <line num="51" type="stmt" count="17"/>
        <metrics loc="52" ncloc="52" classes="1" methods="3" coveredmethods="2" conditionals="0" coveredconditionals="0" statements="16" coveredstatements="13" elements="19" coveredelements="15"/>
      </file>
      <file name="src/Header/HeadersCollection.php">
        <class name="HeadersCollection" namespace="Arslanoov\Psr7\Header">
          <metrics complexity="9" methods="2" coveredmethods="1" conditionals="0" coveredconditionals="0" statements="19" coveredstatements="10" elements="21" coveredelements="11"/>
        </class>
        <line num="15" type="method" name="__construct" visibility="public" complexity="1" crap="1" count="1"/>
        <line num="17" type="stmt" count="1"/>
        <line num="18" type="stmt" count="1"/>
        <line num="20" type="method" name="get" visibility="public" complexity="8" crap="17.50" count="1"/>
        <line num="22" type="stmt" count="1"/>
        <line num="23" type="stmt" count="1"/>
        <line num="24" type="stmt" count="1"/>
        <line num="25" type="stmt" count="1"/>
        <line num="28" type="stmt" count="1"/>
        <line num="29" type="stmt" count="0"/>
        <line num="31" type="stmt" count="0"/>
        <line num="32" type="stmt" count="0"/>
        <line num="36" type="stmt" count="1"/>
        <line num="37" type="stmt" count="0"/>
        <line num="38" type="stmt" count="0"/>
        <line num="39" type="stmt" count="0"/>
        <line num="42" type="stmt" count="1"/>
        <line num="43" type="stmt" count="0"/>
        <line num="44" type="stmt" count="0"/>
        <line num="45" type="stmt" count="0"/>
        <line num="49" type="stmt" count="1"/>
        <metrics loc="50" ncloc="46" classes="1" methods="2" coveredmethods="1" conditionals="0" coveredconditionals="0" statements="19" coveredstatements="10" elements="21" coveredelements="11"/>
      </file>
    </package>
    <package name="Arslanoov\Psr7">
      <file name="src/Message.php">
        <class name="Message" namespace="Arslanoov\Psr7">
          <metrics complexity="21" methods="12" coveredmethods="11" conditionals="0" coveredconditionals="0" statements="55" coveredstatements="54" elements="67" coveredelements="65"/>
        </class>
        <line num="28" type="method" name="getProtocolVersion" visibility="public" complexity="1" crap="1" count="3"/>
        <line num="30" type="stmt" count="3"/>
        <line num="33" type="method" name="withProtocolVersion" visibility="public" complexity="1" crap="1" count="1"/>
        <line num="35" type="stmt" count="1"/>
        <line num="36" type="stmt" count="1"/>
        <line num="37" type="stmt" count="1"/>
        <line num="42" type="method" name="getHeaders" visibility="public" complexity="1" crap="1" count="20"/>
        <line num="44" type="stmt" count="20"/>
        <line num="47" type="method" name="hasHeader" visibility="public" complexity="1" crap="1" count="60"/>
        <line num="49" type="stmt" count="60"/>
        <line num="50" type="stmt" count="60"/>
        <line num="53" type="method" name="getHeader" visibility="public" complexity="2" crap="2" count="21"/>
        <line num="55" type="stmt" count="21"/>
        <line num="56" type="stmt" count="21"/>
        <line num="57" type="stmt" count="21"/>
        <line num="58" type="stmt" count="21"/>
        <line num="61" type="stmt" count="1"/>
        <line num="64" type="method" name="getHeaderLine" visibility="public" complexity="1" crap="1" count="20"/>
        <line num="66" type="stmt" count="20"/>
        <line num="67" type="stmt" count="20"/>
        <line num="70" type="method" name="withHeader" visibility="public" complexity="2" crap="2" count="6"/>
        <line num="72" type="stmt" count="6"/>
        <line num="73" type="stmt" count="5"/>
        <line num="74" type="stmt" count="5"/>
        <line num="76" type="stmt" count="5"/>
        <line num="78" type="stmt" count="5"/>
        <line num="79" type="stmt" count="1"/>
        <line num="82" type="stmt" count="5"/>
        <line num="83" type="stmt" count="5"/>
        <line num="85" type="stmt" count="5"/>
        <line num="88" type="method" name="withAddedHeader" visibility="public" complexity="3" crap="3.04" count="4"/>
        <line num="90" type="stmt" count="4"/>
        <line num="91" type="stmt" count="0"/>
        <line num="94" type="stmt" count="4"/>
        <line num="95" type="stmt" count="4"/>
        <line num="96" type="stmt" count="4"/>
        <line num="99" type="stmt" count="4"/>
        <line num="102" type="method" name="withoutHeader" visibility="public" complexity="2" crap="2" count="4"/>
        <line num="104" type="stmt" count="4"/>
        <line num="105" type="stmt" count="4"/>
        <line num="106" type="stmt" count="2"/>
        <line num="109" type="stmt" count="2"/>
        <line num="111" type="stmt" count="2"/>
        <line num="113" type="stmt" count="2"/>
        <line num="114" type="stmt" count="2"/>
        <line num="116" type="stmt" count="2"/>
        <line num="121" type="method" name="getBody" visibility="public" complexity="2" crap="2" count="10"/>
        <line num="123" type="stmt" count="10"/>
        <line num="124" type="stmt" count="3"/>
        <line num="127" type="stmt" count="10"/>
        <line num="130" type="method" name="withBody" visibility="public" complexity="1" crap="1" count="1"/>
        <line num="132" type="stmt" count="1"/>
        <line num="133" type="stmt" count="1"/>
        <line num="134" type="stmt" count="1"/>
        <line num="137" type="method" name="setHeaders" visibility="protected" complexity="4" crap="4" count="72"/>
        <line num="139" type="stmt" count="72"/>
        <line num="140" type="stmt" count="16"/>
        <line num="141" type="stmt" count="1"/>
        <line num="144" type="stmt" count="16"/>
        <line num="145" type="stmt" count="16"/>
        <line num="146" type="stmt" count="16"/>
        <line num="148" type="stmt" count="16"/>
        <line num="149" type="stmt" count="4"/>
        <line num="150" type="stmt" count="4"/>
        <line num="152" type="stmt" count="16"/>
        <line num="153" type="stmt" count="16"/>
        <line num="156" type="stmt" count="72"/>
        <metrics loc="156" ncloc="150" classes="1" methods="12" coveredmethods="11" conditionals="0" coveredconditionals="0" statements="55" coveredstatements="54" elements="67" coveredelements="65"/>
      </file>
      <file name="src/Request.php">
        <class name="Request" namespace="Arslanoov\Psr7">
          <metrics complexity="23" methods="9" coveredmethods="9" conditionals="0" coveredconditionals="0" statements="47" coveredstatements="47" elements="56" coveredelements="56"/>
        </class>
        <line num="19" type="method" name="__construct" visibility="public" complexity="5" crap="5" count="47"/>
        <line num="21" type="stmt" count="47"/>
        <line num="22" type="stmt" count="45"/>
        <line num="25" type="stmt" count="46"/>
        <line num="26" type="stmt" count="46"/>
        <line num="27" type="stmt" count="46"/>
        <line num="28" type="stmt" count="46"/>
        <line num="30" type="stmt" count="46"/>
        <line num="31" type="stmt" count="45"/>
        <line num="34" type="stmt" count="46"/>
        <line num="35" type="stmt" count="8"/>
        <line num="37" type="stmt" count="45"/>
        <line num="41" type="method" name="getUri" visibility="public" complexity="1" crap="1" count="3"/>
        <line num="43" type="stmt" count="3"/>
        <line num="46" type="method" name="getMethod" visibility="public" complexity="1" crap="1" count="3"/>
        <line num="48" type="stmt" count="3"/>
        <line num="51" type="method" name="getRequestTarget" visibility="public" complexity="4" crap="4" count="5"/>
        <line num="53" type="stmt" count="5"/>
        <line num="54" type="stmt" count="1"/>
        <line num="57" type="stmt" count="5"/>
        <line num="58" type="stmt" count="5"/>
        <line num="59" type="stmt" count="2"/>
        <line num="62" type="stmt" count="5"/>
        <line num="63" type="stmt" count="3"/>
        <line num="66" type="stmt" count="5"/>
        <line num="71" type="method" name="withRequestTarget" visibility="public" complexity="2" crap="2" count="3"/>
        <line num="73" type="stmt" count="3"/>
        <line num="74" type="stmt" count="2"/>
        <line num="77" type="stmt" count="1"/>
        <line num="78" type="stmt" count="1"/>
        <line num="80" type="stmt" count="1"/>
        <line num="83" type="method" name="withMethod" visibility="public" complexity="2" crap="2" count="2"/>
        <line num="85" type="stmt" count="2"/>
        <line num="86" type="stmt" count="1"/>
        <line num="89" type="stmt" count="1"/>
        <line num="90" type="stmt" count="1"/>
        <line num="92" type="stmt" count="1"/>
        <line num="95" type="method" name="withUri" visibility="public" complexity="3" crap="3" count="4"/>
        <line num="97" type="stmt" count="4"/>
        <line num="98" type="stmt" count="4"/>
        <line num="100" type="stmt" count="4"/>
        <line num="101" type="stmt" count="3"/>
        <line num="104" type="stmt" count="4"/>
        <line num="109" type="method" name="updateHostFromUri" visibility="private" complexity="4" crap="4" count="45"/>
        <line num="111" type="stmt" count="45"/>
        <line num="112" type="stmt" count="35"/>
        <line num="115" type="stmt" count="12"/>
        <line num="116" type="stmt" count="3"/>
        <line num="119" type="stmt" count="12"/>
        <line num="120" type="stmt" count="3"/>
        <line num="122" type="stmt" count="12"/>
        <line num="123" type="stmt" count="12"/>
        <line num="126" type="stmt" count="12"/>
        <line num="127" type="stmt" count="12"/>
        <line num="131" type="method" name="containWhitespace" visibility="private" complexity="1" crap="1" count="3"/>
        <line num="133" type="stmt" count="3"/>
        <metrics loc="134" ncloc="126" classes="1" methods="9" coveredmethods="9" conditionals="0" coveredconditionals="0" statements="47" coveredstatements="47" elements="56" coveredelements="56"/>
      </file>
      <file name="src/Response.php">
        <class name="Response" namespace="Arslanoov\Psr7">
          <metrics complexity="15" methods="4" coveredmethods="3" conditionals="0" coveredconditionals="0" statements="23" coveredstatements="21" elements="27" coveredelements="24"/>
        </class>
        <line num="18" type="method" name="__construct" visibility="public" complexity="5" crap="5" count="26"/>
        <line num="23" type="stmt" count="26"/>
        <line num="24" type="stmt" count="3"/>
        <line num="27" type="stmt" count="26"/>
        <line num="28" type="stmt" count="26"/>
        <line num="29" type="stmt" count="26"/>
        <line num="30" type="stmt" count="23"/>
        <line num="32" type="stmt" count="3"/>
        <line num="35" type="stmt" count="26"/>
        <line num="36" type="stmt" count="26"/>
        <line num="40" type="method" name="getStatusCode" visibility="public" complexity="1" crap="1" count="7"/>
        <line num="42" type="stmt" count="7"/>
        <line num="45" type="method" name="getReasonPhrase" visibility="public" complexity="1" crap="1" count="8"/>
        <line num="47" type="stmt" count="8"/>
        <line num="52" type="method" name="withStatus" visibility="public" complexity="8" crap="8.30" count="3"/>
        <line num="54" type="stmt" count="3"/>
        <line num="55" type="stmt" count="0"/>
        <line num="58" type="stmt" count="3"/>
        <line num="59" type="stmt" count="3"/>
        <line num="60" type="stmt" count="0"/>
        <line num="63" type="stmt" count="3"/>
        <line num="64" type="stmt" count="3"/>
        <line num="67" type="stmt" count="3"/>
        <line num="68" type="stmt" count="3"/>
        <line num="70" type="stmt" count="1"/>
        <line num="73" type="stmt" count="3"/>
        <line num="74" type="stmt" count="3"/>
        <metrics loc="75" ncloc="71" classes="1" methods="4" coveredmethods="3" conditionals="0" coveredconditionals="0" statements="23" coveredstatements="21" elements="27" coveredelements="24"/>
      </file>
      <file name="src/ServerRequest.php">
        <class name="ServerRequest" namespace="Arslanoov\Psr7">
          <metrics complexity="21" methods="15" coveredmethods="15" conditionals="0" coveredconditionals="0" statements="42" coveredstatements="42" elements="57" coveredelements="57"/>
        </class>
        <line num="25" type="method" name="__construct" visibility="public" complexity="1" crap="1" count="17"/>
        <line num="32" type="stmt" count="17"/>
        <line num="33" type="stmt" count="16"/>
        <line num="34" type="stmt" count="16"/>
        <line num="35" type="stmt" count="16"/>
        <line num="36" type="stmt" count="16"/>
        <line num="37" type="stmt" count="16"/>
        <line num="38" type="stmt" count="16"/>
        <line num="39" type="stmt" count="16"/>
        <line num="40" type="stmt" count="16"/>
        <line num="44" type="method" name="getServerParams" visibility="public" complexity="1" crap="1" count="1"/>
        <line num="46" type="stmt" count="1"/>
        <line num="49" type="method" name="getUploadedFiles" visibility="public" complexity="1" crap="1" count="1"/>
        <line num="51" type="stmt" count="1"/>
        <line num="54" type="method" name="getCookieParams" visibility="public" complexity="1" crap="1" count="1"/>
        <line num="56" type="stmt" count="1"/>
        <line num="59" type="method" name="getQueryParams" visibility="public" complexity="1" crap="1" count="1"/>
        <line num="61" type="stmt" count="1"/>
        <line num="64" type="method" name="getAttributes" visibility="public" complexity="1" crap="1" count="2"/>
        <line num="66" type="stmt" count="2"/>
        <line num="69" type="method" name="getParsedBody" visibility="public" complexity="1" crap="1" count="7"/>
        <line num="71" type="stmt" count="7"/>
        <line num="74" type="method" name="getAttribute" visibility="public" complexity="2" crap="2" count="2"/>
        <line num="76" type="stmt" count="2"/>
        <line num="77" type="stmt" count="2"/>
        <line num="80" type="stmt" count="2"/>
        <line num="85" type="method" name="withUploadedFiles" visibility="public" complexity="1" crap="1" count="1"/>
        <line num="87" type="stmt" count="1"/>
        <line num="88" type="stmt" count="1"/>
        <line num="89" type="stmt" count="1"/>
        <line num="92" type="method" name="withCookieParams" visibility="public" complexity="1" crap="1" count="1"/>
        <line num="94" type="stmt" count="1"/>
        <line num="95" type="stmt" count="1"/>
        <line num="96" type="stmt" count="1"/>
        <line num="99" type="method" name="withQueryParams" visibility="public" complexity="1" crap="1" count="1"/>
        <line num="101" type="stmt" count="1"/>
        <line num="102" type="stmt" count="1"/>
        <line num="103" type="stmt" count="1"/>
        <line num="106" type="method" name="withAttribute" visibility="public" complexity="1" crap="1" count="2"/>
        <line num="108" type="stmt" count="2"/>
        <line num="109" type="stmt" count="2"/>
        <line num="110" type="stmt" count="2"/>
        <line num="113" type="method" name="withoutAttribute" visibility="public" complexity="2" crap="2" count="2"/>
        <line num="115" type="stmt" count="2"/>
        <line num="116" type="stmt" count="1"/>
        <line num="119" type="stmt" count="2"/>
        <line num="120" type="stmt" count="2"/>
        <line num="121" type="stmt" count="2"/>
        <line num="124" type="method" name="withParsedBody" visibility="public" complexity="1" crap="1" count="5"/>
        <line num="126" type="stmt" count="5"/>
        <line num="128" type="stmt" count="4"/>
        <line num="129" type="stmt" count="4"/>
        <line num="130" type="stmt" count="4"/>
        <line num="133" type="method" name="validateBody" visibility="private" complexity="5" crap="5" count="16"/>
        <line num="135" type="stmt" count="16"/>
        <line num="136" type="stmt" count="1"/>
        <line num="138" type="stmt" count="16"/>
        <metrics loc="138" ncloc="132" classes="1" methods="15" coveredmethods="15" conditionals="0" coveredconditionals="0" statements="42" coveredstatements="42" elements="57" coveredelements="57"/>
      </file>
      <file name="src/Stream.php">
        <class name="Stream" namespace="Arslanoov\Psr7">
          <metrics complexity="43" methods="17" coveredmethods="11" conditionals="0" coveredconditionals="0" statements="88" coveredstatements="82" elements="105" coveredelements="93"/>
        </class>
        <line num="53" type="method" name="new" visibility="public" complexity="6" crap="6" count="44"/>
        <line num="55" type="stmt" count="44"/>
        <line num="56" type="stmt" count="2"/>
        <line num="59" type="stmt" count="42"/>
        <line num="60" type="stmt" count="24"/>
        <line num="61" type="stmt" count="24"/>
        <line num="62" type="stmt" count="24"/>
        <line num="65" type="stmt" count="42"/>
        <line num="66" type="stmt" count="3"/>
        <line num="67" type="stmt" count="3"/>
        <line num="68" type="stmt" count="3"/>
        <line num="69" type="stmt" count="3"/>
        <line num="72" type="stmt" count="42"/>
        <line num="73" type="stmt" count="41"/>
        <line num="74" type="stmt" count="41"/>
        <line num="75" type="stmt" count="41"/>
        <line num="76" type="stmt" count="41"/>
        <line num="77" type="stmt" count="41"/>
        <line num="78" type="stmt" count="41"/>
        <line num="79" type="stmt" count="41"/>
        <line num="81" type="stmt" count="41"/>
        <line num="84" type="stmt" count="1"/>
        <line num="87" type="method" name="__toString" visibility="public" complexity="2" crap="2" count="12"/>
        <line num="89" type="stmt" count="12"/>
        <line num="90" type="stmt" count="11"/>
        <line num="93" type="stmt" count="12"/>
        <line num="96" type="method" name="__destruct" visibility="public" complexity="1" crap="1" count="41"/>
        <line num="98" type="stmt" count="41"/>
        <line num="99" type="stmt" count="41"/>
        <line num="101" type="method" name="close" visibility="public" complexity="3" crap="3" count="41"/>
        <line num="103" type="stmt" count="41"/>
        <line num="104" type="stmt" count="39"/>
        <line num="105" type="stmt" count="39"/>
        <line num="107" type="stmt" count="39"/>
        <line num="109" type="stmt" count="41"/>
        <line num="114" type="method" name="detach" visibility="public" complexity="2" crap="2" count="41"/>
        <line num="116" type="stmt" count="41"/>
        <line num="117" type="stmt" count="1"/>
        <line num="120" type="stmt" count="41"/>
        <line num="121" type="stmt" count="41"/>
        <line num="123" type="stmt" count="41"/>
        <line num="124" type="stmt" count="41"/>
        <line num="125" type="stmt" count="41"/>
        <line num="126" type="stmt" count="41"/>
        <line num="127" type="stmt" count="41"/>
        <line num="129" type="stmt" count="41"/>
        <line num="132" type="method" name="getSize" visibility="public" complexity="6" crap="6.03" count="7"/>
        <line num="134" type="stmt" count="7"/>
        <line num="135" type="stmt" count="3"/>
        <line num="138" type="stmt" count="7"/>
        <line num="139" type="stmt" count="2"/>
        <line num="142" type="stmt" count="5"/>
        <line num="143" type="stmt" count="5"/>
        <line num="146" type="stmt" count="5"/>
        <line num="147" type="stmt" count="5"/>
        <line num="148" type="stmt" count="5"/>
        <line num="149" type="stmt" count="5"/>
        <line num="152" type="stmt" count="0"/>
        <line num="155" type="method" name="tell" visibility="public" complexity="2" crap="2.15" count="2"/>
        <line num="157" type="stmt" count="2"/>
        <line num="158" type="stmt" count="0"/>
        <line num="161" type="stmt" count="1"/>
        <line num="164" type="method" name="read" visibility="public" complexity="2" crap="2" count="5"/>
        <line num="166" type="stmt" count="5"/>
        <line num="167" type="stmt" count="1"/>
        <line num="170" type="stmt" count="4"/>
        <line num="174" type="method" name="eof" visibility="public" complexity="2" crap="2" count="6"/>
        <line num="176" type="stmt" count="6"/>
        <line num="179" type="method" name="isSeekable" visibility="public" complexity="1" crap="1" count="16"/>
        <line num="181" type="stmt" count="16"/>
        <line num="184" type="method" name="isWritable" visibility="public" complexity="1" crap="1" count="3"/>
        <line num="186" type="stmt" count="3"/>
        <line num="189" type="method" name="isReadable" visibility="public" complexity="1" crap="1" count="3"/>
        <line num="191" type="stmt" count="3"/>
        <line num="194" type="method" name="seek" visibility="public" complexity="3" crap="3.07" count="16"/>
        <line num="196" type="stmt" count="16"/>
        <line num="197" type="stmt" count="1"/>
        <line num="200" type="stmt" count="15"/>
        <line num="201" type="stmt" count="0"/>
        <line num="203" type="stmt" count="15"/>
        <line num="205" type="method" name="rewind" visibility="public" complexity="1" crap="1" count="3"/>
        <line num="207" type="stmt" count="3"/>
        <line num="208" type="stmt" count="3"/>
        <line num="210" type="method" name="write" visibility="public" complexity="3" crap="3.03" count="6"/>
        <line num="212" type="stmt" count="6"/>
        <line num="213" type="stmt" count="1"/>
        <line num="216" type="stmt" count="6"/>
        <line num="218" type="stmt" count="6"/>
        <line num="219" type="stmt" count="6"/>
        <line num="220" type="stmt" count="0"/>
        <line num="223" type="stmt" count="6"/>
        <line num="226" type="method" name="getContents" visibility="public" complexity="3" crap="3.04" count="13"/>
        <line num="228" type="stmt" count="13"/>
        <line num="229" type="stmt" count="1"/>
        <line num="232" type="stmt" count="12"/>
        <line num="233" type="stmt" count="12"/>
        <line num="234" type="stmt" count="0"/>
        <line num="237" type="stmt" count="12"/>
        <line num="244" type="method" name="getMetadata" visibility="public" complexity="4" crap="4.07" count="41"/>
        <line num="246" type="stmt" count="41"/>
        <line num="247" type="stmt" count="1"/>
        <line num="250" type="stmt" count="41"/>
        <line num="252" type="stmt" count="41"/>
        <line num="253" type="stmt" count="0"/>
        <line num="256" type="stmt" count="41"/>
        <metrics loc="257" ncloc="248" classes="1" methods="17" coveredmethods="11" conditionals="0" coveredconditionals="0" statements="88" coveredstatements="82" elements="105" coveredelements="93"/>
      </file>
      <file name="src/UploadedFile.php">
        <class name="UploadedFile" namespace="Arslanoov\Psr7">
          <metrics complexity="30" methods="10" coveredmethods="6" conditionals="0" coveredconditionals="0" statements="51" coveredstatements="46" elements="61" coveredelements="52"/>
        </class>
        <line num="51" type="method" name="__construct" visibility="public" complexity="8" crap="8" count="34"/>
        <line num="56" type="stmt" count="34"/>
        <line num="57" type="stmt" count="1"/>
        <line num="60" type="stmt" count="33"/>
        <line num="62" type="stmt" count="33"/>
        <line num="63" type="stmt" count="14"/>
        <line num="66" type="stmt" count="19"/>
        <line num="67" type="stmt" count="19"/>
        <line num="68" type="stmt" count="19"/>
        <line num="70" type="stmt" count="19"/>
        <line num="71" type="stmt" count="19"/>
        <line num="72" type="stmt" count="3"/>
        <line num="73" type="stmt" count="16"/>
        <line num="74" type="stmt" count="1"/>
        <line num="75" type="stmt" count="15"/>
        <line num="76" type="stmt" count="14"/>
        <line num="78" type="stmt" count="1"/>
        <line num="81" type="stmt" count="18"/>
        <line num="85" type="method" name="getSize" visibility="public" complexity="1" crap="1" count="1"/>
        <line num="87" type="stmt" count="1"/>
        <line num="90" type="method" name="getError" visibility="public" complexity="1" crap="1" count="1"/>
        <line num="92" type="stmt" count="1"/>
        <line num="95" type="method" name="getClientFilename" visibility="public" complexity="2" crap="2" count="1"/>
        <line num="97" type="stmt" count="1"/>
        <line num="100" type="method" name="getClientMediaType" visibility="public" complexity="2" crap="2" count="1"/>
        <line num="102" type="stmt" count="1"/>
        <line num="105" type="method" name="getStream" visibility="public" complexity="2" crap="2" count="6"/>
        <line num="107" type="stmt" count="6"/>
        <line num="109" type="stmt" count="6"/>
        <line num="110" type="stmt" count="5"/>
        <line num="113" type="stmt" count="1"/>
        <line num="115" type="stmt" count="1"/>
        <line num="120" type="method" name="moveTo" visibility="public" complexity="7" crap="7.02" count="12"/>
        <line num="122" type="stmt" count="12"/>
        <line num="124" type="stmt" count="12"/>
        <line num="125" type="stmt" count="8"/>
        <line num="128" type="stmt" count="4"/>
        <line num="129" type="stmt" count="1"/>
        <line num="131" type="stmt" count="3"/>
        <line num="132" type="stmt" count="3"/>
        <line num="133" type="stmt" count="3"/>
        <line num="136" type="stmt" count="3"/>
        <line num="137" type="stmt" count="3"/>
        <line num="140" type="stmt" count="4"/>
        <line num="141" type="stmt" count="0"/>
        <line num="143" type="stmt" count="4"/>
        <line num="148" type="method" name="setMoved" visibility="public" complexity="1" crap="2" count="0"/>
        <line num="150" type="stmt" count="0"/>
        <line num="151" type="stmt" count="0"/>
        <line num="155" type="method" name="validateActive" visibility="private" complexity="3" crap="3.07" count="15"/>
        <line num="157" type="stmt" count="15"/>
        <line num="158" type="stmt" count="0"/>
        <line num="161" type="stmt" count="15"/>
        <line num="162" type="stmt" count="2"/>
        <line num="164" type="stmt" count="15"/>
        <line num="168" type="method" name="copyStreamContent" visibility="private" complexity="3" crap="3.07" count="3"/>
        <line num="170" type="stmt" count="3"/>
        <line num="171" type="stmt" count="3"/>
        <line num="172" type="stmt" count="3"/>
        <line num="173" type="stmt" count="0"/>
        <line num="176" type="stmt" count="3"/>
        <metrics loc="176" ncloc="165" classes="1" methods="10" coveredmethods="6" conditionals="0" coveredconditionals="0" statements="51" coveredstatements="46" elements="61" coveredelements="52"/>
      </file>
      <file name="src/Uri.php">
        <class name="Uri" namespace="Arslanoov\Psr7">
          <metrics complexity="35" methods="17" coveredmethods="17" conditionals="0" coveredconditionals="0" statements="78" coveredstatements="78" elements="95" coveredelements="95"/>
        </class>
        <line num="26" type="method" name="__construct" visibility="public" complexity="10" crap="10" count="96"/>
        <line num="28" type="stmt" count="96"/>
        <line num="29" type="stmt" count="96"/>
        <line num="30" type="stmt" count="72"/>
        <line num="31" type="stmt" count="72"/>
        <line num="32" type="stmt" count="4"/>
        <line num="35" type="stmt" count="68"/>
        <line num="36" type="stmt" count="68"/>
        <line num="37" type="stmt" count="68"/>
        <line num="38" type="stmt" count="68"/>
        <line num="39" type="stmt" count="68"/>
        <line num="40" type="stmt" count="68"/>
        <line num="41" type="stmt" count="68"/>
        <line num="42" type="stmt" count="68"/>
        <line num="43" type="stmt" count="68"/>
        <line num="44" type="stmt" count="68"/>
        <line num="45" type="stmt" count="68"/>
        <line num="46" type="stmt" count="68"/>
        <line num="47" type="stmt" count="68"/>
        <line num="49" type="stmt" count="68"/>
        <line num="50" type="stmt" count="2"/>
        <line num="53" type="stmt" count="92"/>
        <line num="55" type="method" name="__toString" visibility="public" complexity="1" crap="1" count="32"/>
        <line num="58" type="stmt" count="32"/>
        <line num="59" type="stmt" count="32"/>
        <line num="60" type="stmt" count="32"/>
        <line num="61" type="stmt" count="32"/>
        <line num="62" type="stmt" count="32"/>
        <line num="63" type="stmt" count="32"/>
        <line num="64" type="stmt" count="32"/>
        <line num="70" type="method" name="getScheme" visibility="public" complexity="1" crap="1" count="8"/>
        <line num="72" type="stmt" count="8"/>
        <line num="75" type="method" name="getAuthority" visibility="public" complexity="4" crap="4" count="37"/>
        <line num="77" type="stmt" count="37"/>
        <line num="78" type="stmt" count="21"/>
        <line num="81" type="stmt" count="16"/>
        <line num="82" type="stmt" count="16"/>
        <line num="83" type="stmt" count="5"/>
        <line num="86" type="stmt" count="16"/>
        <line num="87" type="stmt" count="5"/>
        <line num="90" type="stmt" count="16"/>
        <line num="93" type="method" name="getUserInfo" visibility="public" complexity="1" crap="1" count="7"/>
        <line num="95" type="stmt" count="7"/>
        <line num="98" type="method" name="getHost" visibility="public" complexity="1" crap="1" count="53"/>
        <line num="100" type="stmt" count="53"/>
        <line num="103" type="method" name="getPort" visibility="public" complexity="2" crap="2" count="21"/>
        <line num="105" type="stmt" count="21"/>
        <line num="108" type="method" name="getPath" visibility="public" complexity="1" crap="1" count="15"/>
        <line num="110" type="stmt" count="15"/>
        <line num="113" type="method" name="getQuery" visibility="public" complexity="1" crap="1" count="12"/>
        <line num="115" type="stmt" count="12"/>
        <line num="118" type="method" name="getFragment" visibility="public" complexity="1" crap="1" count="7"/>
        <line num="120" type="stmt" count="7"/>
        <line num="125" type="method" name="withScheme" visibility="public" complexity="2" crap="2" count="7"/>
        <line num="127" type="stmt" count="7"/>
        <line num="128" type="stmt" count="1"/>
        <line num="131" type="stmt" count="6"/>
        <line num="133" type="stmt" count="6"/>
        <line num="134" type="stmt" count="6"/>
        <line num="135" type="stmt" count="6"/>
        <line num="137" type="stmt" count="6"/>
        <line num="140" type="method" name="withUserInfo" visibility="public" complexity="3" crap="3" count="5"/>
        <line num="142" type="stmt" count="5"/>
        <line num="143" type="stmt" count="5"/>
        <line num="144" type="stmt" count="5"/>
        <line num="147" type="stmt" count="5"/>
        <line num="148" type="stmt" count="5"/>
        <line num="150" type="stmt" count="5"/>
        <line num="153" type="method" name="withHost" visibility="public" complexity="2" crap="2" count="8"/>
        <line num="155" type="stmt" count="8"/>
        <line num="156" type="stmt" count="1"/>
        <line num="159" type="stmt" count="7"/>
        <line num="161" type="stmt" count="7"/>
        <line num="162" type="stmt" count="7"/>
        <line num="164" type="stmt" count="7"/>
        <line num="167" type="method" name="withPort" visibility="public" complexity="2" crap="2" count="9"/>
        <line num="169" type="stmt" count="9"/>
        <line num="170" type="stmt" count="7"/>
        <line num="171" type="stmt" count="7"/>
        <line num="173" type="stmt" count="7"/>
        <line num="176" type="method" name="withPath" visibility="public" complexity="1" crap="1" count="9"/>
        <line num="178" type="stmt" count="9"/>
        <line num="180" type="stmt" count="8"/>
        <line num="181" type="stmt" count="8"/>
        <line num="183" type="stmt" count="8"/>
        <line num="186" type="method" name="withQuery" visibility="public" complexity="1" crap="1" count="6"/>
        <line num="188" type="stmt" count="6"/>
        <line num="190" type="stmt" count="5"/>
        <line num="191" type="stmt" count="5"/>
        <line num="193" type="stmt" count="5"/>
        <line num="196" type="method" name="withFragment" visibility="public" complexity="1" crap="1" count="6"/>
        <line num="198" type="stmt" count="6"/>
        <line num="200" type="stmt" count="5"/>
        <line num="201" type="stmt" count="5"/>
        <line num="203" type="stmt" count="5"/>
        <metrics loc="204" ncloc="200" classes="1" methods="17" coveredmethods="17" conditionals="0" coveredconditionals="0" statements="78" coveredstatements="78" elements="95" coveredelements="95"/>
      </file>
    </package>
    <package name="Arslanoov\Psr7\Protocol">
      <file name="src/Protocol/Protocol.php">
        <class name="Protocol" namespace="Arslanoov\Psr7\Protocol">
          <metrics complexity="3" methods="1" coveredmethods="1" conditionals="0" coveredconditionals="0" statements="6" coveredstatements="6" elements="7" coveredelements="7"/>
        </class>
        <line num="11" type="method" name="getVersion" visibility="public" complexity="3" crap="3" count="3"/>
        <line num="13" type="stmt" count="3"/>
        <line num="14" type="stmt" count="1"/>
        <line num="17" type="stmt" count="2"/>
        <line num="18" type="stmt" count="1"/>
        <line num="19" type="stmt" count="1"/>
        <line num="23" type="stmt" count="1"/>
        <metrics loc="24" ncloc="24" classes="1" methods="1" coveredmethods="1" conditionals="0" coveredconditionals="0" statements="6" coveredstatements="6" elements="7" coveredelements="7"/>
      </file>
    </package>
    <package name="Arslanoov\Psr7\Response">
      <file name="src/Response/Phrases.php">
        <class name="Phrases" namespace="Arslanoov\Psr7\Response">
          <metrics complexity="0" methods="0" coveredmethods="0" conditionals="0" coveredconditionals="0" statements="0" coveredstatements="0" elements="0" coveredelements="0"/>
        </class>
        <metrics loc="68" ncloc="68" classes="0" methods="0" coveredmethods="0" conditionals="0" coveredconditionals="0" statements="0" coveredstatements="0" elements="0" coveredelements="0"/>
      </file>
    </package>
    <metrics files="33" loc="1842" ncloc="1787" classes="26" methods="120" coveredmethods="102" conditionals="0" coveredconditionals="0" statements="527" coveredstatements="483" elements="647" coveredelements="585"/>
  </project>
</coverage>
